2026.04.12 23:28:48 INFO  Started: Metals version 1.6.7 in folders 'C:\Users\hp\eclipseJEE\jee-mvc1-product-management' for client Visual Studio Code 1.115.0.
2026.04.12 23:28:48 INFO  Memory monitor started
2026.04.12 23:28:50 WARN  Using H2 2.4.240 which is newer than the version Flyway has been verified with. The latest verified version of H2 is 2.3.232.
2026.04.12 23:28:51 INFO  no build target found for C:\Users\hp\eclipseJEE\jee-mvc1-product-management\src\main\java\dao\Produit.java. Using fallback presentation compiler.
avr. 12, 2026 11:28:52 PM org.eclipse.lsp4j.jsonrpc.RemoteEndpoint handleCancellation
AVERTISSEMENT: Unmatched cancel notification for request id 2
2026.04.12 23:28:51 INFO  no build target found for C:\Users\hp\eclipseJEE\jee-mvc1-product-management\src\main\java\dao\Produit.java. Using fallback presentation compiler.
2026.04.12 23:28:51 INFO  no build target found for C:\Users\hp\eclipseJEE\jee-mvc1-product-management\src\main\java\dao\Produit.java. Using fallback presentation compiler.
avr. 12, 2026 11:28:52 PM org.eclipse.lsp4j.jsonrpc.RemoteEndpoint handleCancellation
AVERTISSEMENT: Unmatched cancel notification for request id 6
2026.04.12 23:28:52 INFO  no build target found for C:\Users\hp\eclipseJEE\jee-mvc1-product-management\src\main\java\dao\Produit.java. Using fallback presentation compiler.
avr. 12, 2026 11:28:52 PM org.eclipse.lsp4j.jsonrpc.RemoteEndpoint handleCancellation
AVERTISSEMENT: Unmatched cancel notification for request id 7
2026.04.12 23:28:51 INFO  no build target found for C:\Users\hp\eclipseJEE\jee-mvc1-product-management\src\main\java\dao\Produit.java. Using fallback presentation compiler.
2026.04.12 23:28:52 INFO  no build target found for C:\Users\hp\eclipseJEE\jee-mvc1-product-management\src\main\java\dao\Produit.java. Using fallback presentation compiler.
avr. 12, 2026 11:28:52 PM org.eclipse.lsp4j.jsonrpc.RemoteEndpoint handleCancellation
AVERTISSEMENT: Unmatched cancel notification for request id 11
2026.04.12 23:28:52 INFO  no build target found for C:\Users\hp\eclipseJEE\jee-mvc1-product-management\src\main\java\dao\Produit.java. Using fallback presentation compiler.
2026.04.12 23:28:52 INFO  no build target found for C:\Users\hp\eclipseJEE\jee-mvc1-product-management\src\main\java\dao\Produit.java. Using fallback presentation compiler.
avr. 12, 2026 11:28:53 PM org.eclipse.lsp4j.jsonrpc.RemoteEndpoint handleCancellation
AVERTISSEMENT: Unmatched cancel notification for request id 1
avr. 12, 2026 11:28:53 PM org.eclipse.lsp4j.jsonrpc.RemoteEndpoint handleCancellation
AVERTISSEMENT: Unmatched cancel notification for request id 3
avr. 12, 2026 11:28:53 PM org.eclipse.lsp4j.jsonrpc.RemoteEndpoint handleCancellation
AVERTISSEMENT: Unmatched cancel notification for request id 15
2026.04.12 23:28:52 INFO  no build target found for C:\Users\hp\eclipseJEE\jee-mvc1-product-management\src\main\java\dao\Produit.java. Using fallback presentation compiler.
2026.04.12 23:28:53 WARN  no build target for: C:\Users\hp\eclipseJEE\jee-mvc1-product-management\src\main\java\dao\Produit.java
avr. 12, 2026 11:28:53 PM org.eclipse.lsp4j.jsonrpc.RemoteEndpoint handleCancellation
AVERTISSEMENT: Unmatched cancel notification for request id 20
avr. 12, 2026 11:28:53 PM org.eclipse.lsp4j.jsonrpc.RemoteEndpoint handleCancellation
AVERTISSEMENT: Unmatched cancel notification for request id 16
2026.04.12 23:28:52 INFO  no build target found for C:\Users\hp\eclipseJEE\jee-mvc1-product-management\src\main\java\dao\Produit.java. Using fallback presentation compiler.
2026.04.12 23:28:52 INFO  no build target found for C:\Users\hp\eclipseJEE\jee-mvc1-product-management\src\main\java\dao\Produit.java. Using fallback presentation compiler.
2026.04.12 23:28:52 INFO  no build target found for C:\Users\hp\eclipseJEE\jee-mvc1-product-management\src\main\java\dao\Produit.java. Using fallback presentation compiler.
avr. 12, 2026 11:28:53 PM org.eclipse.lsp4j.jsonrpc.RemoteEndpoint handleCancellation
AVERTISSEMENT: Unmatched cancel notification for request id 23
2026.04.12 23:28:52 INFO  no build target found for C:\Users\hp\eclipseJEE\jee-mvc1-product-management\src\main\java\dao\Produit.java. Using fallback presentation compiler.
avr. 12, 2026 11:28:54 PM org.eclipse.lsp4j.jsonrpc.RemoteEndpoint handleCancellation
AVERTISSEMENT: Unmatched cancel notification for request id 26
2026.04.12 23:28:54 INFO  no build target found for C:\Users\hp\eclipseJEE\jee-mvc1-product-management\src\main\java\dao\Produit.java. Using fallback presentation compiler.
2026.04.12 23:28:54 INFO  no build target found for C:\Users\hp\eclipseJEE\jee-mvc1-product-management\src\main\java\dao\Produit.java. Using fallback presentation compiler.
avr. 12, 2026 11:28:54 PM org.eclipse.lsp4j.jsonrpc.RemoteEndpoint handleCancellation
AVERTISSEMENT: Unmatched cancel notification for request id 19
2026.04.12 23:28:54 WARN  no build target for: C:\Users\hp\eclipseJEE\jee-mvc1-product-management\src\main\java\dao\Produit.java
2026.04.12 23:28:54 INFO  no build target found for C:\Users\hp\eclipseJEE\jee-mvc1-product-management\src\main\java\dao\Produit.java. Using fallback presentation compiler.
2026.04.12 23:28:54 INFO  no build target found for C:\Users\hp\eclipseJEE\jee-mvc1-product-management\src\main\java\dao\Produit.java. Using fallback presentation compiler.
2026.04.12 23:28:55 INFO  no build target found for C:\Users\hp\eclipseJEE\jee-mvc1-product-management\src\main\java\dao\Produit.java. Using fallback presentation compiler.
avr. 12, 2026 11:28:55 PM org.eclipse.lsp4j.jsonrpc.RemoteEndpoint handleCancellation
AVERTISSEMENT: Unmatched cancel notification for request id 37
2026.04.12 23:28:55 INFO  no build target found for C:\Users\hp\eclipseJEE\jee-mvc1-product-management\src\main\java\dao\Produit.java. Using fallback presentation compiler.
avr. 12, 2026 11:28:56 PM org.eclipse.lsp4j.jsonrpc.RemoteEndpoint handleCancellation
AVERTISSEMENT: Unmatched cancel notification for request id 30
2026.04.12 23:28:55 INFO  no build target found for C:\Users\hp\eclipseJEE\jee-mvc1-product-management\src\main\java\dao\Produit.java. Using fallback presentation compiler.
2026.04.12 23:28:55 INFO  no build target found for C:\Users\hp\eclipseJEE\jee-mvc1-product-management\src\main\java\dao\Produit.java. Using fallback presentation compiler.
avr. 12, 2026 11:28:56 PM org.eclipse.lsp4j.jsonrpc.RemoteEndpoint handleCancellation
AVERTISSEMENT: Unmatched cancel notification for request id 39
avr. 12, 2026 11:28:56 PM org.eclipse.lsp4j.jsonrpc.RemoteEndpoint handleCancellation
AVERTISSEMENT: Unmatched cancel notification for request id 38
2026.04.12 23:28:57 INFO  no build target found for C:\Users\hp\eclipseJEE\jee-mvc1-product-management\src\main\java\dao\Produit.java. Using fallback presentation compiler.
2026.04.12 23:28:57 INFO  no build target found for C:\Users\hp\eclipseJEE\jee-mvc1-product-management\src\main\java\dao\Produit.java. Using fallback presentation compiler.
2026.04.12 23:28:57 INFO  no build target found for C:\Users\hp\eclipseJEE\jee-mvc1-product-management\src\main\java\dao\Produit.java. Using fallback presentation compiler.
avr. 12, 2026 11:28:57 PM org.eclipse.lsp4j.jsonrpc.RemoteEndpoint handleCancellation
AVERTISSEMENT: Unmatched cancel notification for request id 45
2026.04.12 23:28:57 INFO  no build target found for C:\Users\hp\eclipseJEE\jee-mvc1-product-management\src\main\java\dao\Produit.java. Using fallback presentation compiler.
avr. 12, 2026 11:28:57 PM org.eclipse.lsp4j.jsonrpc.RemoteEndpoint handleCancellation
AVERTISSEMENT: Unmatched cancel notification for request id 49
2026.04.12 23:28:57 INFO  no build target found for C:\Users\hp\eclipseJEE\jee-mvc1-product-management\src\main\java\dao\Produit.java. Using fallback presentation compiler.
2026.04.12 23:28:57 INFO  no build target found for C:\Users\hp\eclipseJEE\jee-mvc1-product-management\src\main\java\dao\Produit.java. Using fallback presentation compiler.
2026.04.12 23:28:57 INFO  no build target found for C:\Users\hp\eclipseJEE\jee-mvc1-product-management\src\main\java\dao\Produit.java. Using fallback presentation compiler.
2026.04.12 23:28:57 WARN  no build target for: C:\Users\hp\eclipseJEE\jee-mvc1-product-management\src\main\java\dao\Produit.java
2026.04.12 23:28:57 INFO  no build target found for C:\Users\hp\eclipseJEE\jee-mvc1-product-management\src\main\java\dao\Produit.java. Using fallback presentation compiler.
avr. 12, 2026 11:28:58 PM org.eclipse.lsp4j.jsonrpc.RemoteEndpoint handleCancellation
AVERTISSEMENT: Unmatched cancel notification for request id 52
avr. 12, 2026 11:28:58 PM org.eclipse.lsp4j.jsonrpc.RemoteEndpoint handleCancellation
AVERTISSEMENT: Unmatched cancel notification for request id 53
2026.04.12 23:28:57 INFO  no build target found for C:\Users\hp\eclipseJEE\jee-mvc1-product-management\src\main\java\dao\Produit.java. Using fallback presentation compiler.
2026.04.12 23:28:58 INFO  no build target found for C:\Users\hp\eclipseJEE\jee-mvc1-product-management\src\main\java\dao\Produit.java. Using fallback presentation compiler.
2026.04.12 23:28:58 INFO  no build target found for C:\Users\hp\eclipseJEE\jee-mvc1-product-management\src\main\java\dao\Produit.java. Using fallback presentation compiler.
2026.04.12 23:28:57 WARN  no build target for: C:\Users\hp\eclipseJEE\jee-mvc1-product-management\src\main\java\dao\Produit.java
2026.04.12 23:28:58 INFO  no build target found for C:\Users\hp\eclipseJEE\jee-mvc1-product-management\src\main\java\dao\Produit.java. Using fallback presentation compiler.
2026.04.12 23:28:58 INFO  no build target found for C:\Users\hp\eclipseJEE\jee-mvc1-product-management\src\main\java\dao\Produit.java. Using fallback presentation compiler.
2026.04.12 23:28:58 INFO  no build target found for C:\Users\hp\eclipseJEE\jee-mvc1-product-management\src\main\java\dao\Produit.java. Using fallback presentation compiler.
2026.04.12 23:28:59 INFO  no build target found for C:\Users\hp\eclipseJEE\jee-mvc1-product-management\src\main\java\dao\Produit.java. Using fallback presentation compiler.
2026.04.12 23:29:00 INFO  no build target found for C:\Users\hp\eclipseJEE\jee-mvc1-product-management\src\main\java\dao\Produit.java. Using fallback presentation compiler.
2026.04.12 23:29:00 WARN  no build target for: C:\Users\hp\eclipseJEE\jee-mvc1-product-management\src\main\java\dao\Produit.java
2026.04.12 23:29:00 INFO  no build target found for C:\Users\hp\eclipseJEE\jee-mvc1-product-management\src\main\java\dao\Produit.java. Using fallback presentation compiler.
2026.04.12 23:29:00 INFO  no build target found for C:\Users\hp\eclipseJEE\jee-mvc1-product-management\src\main\java\dao\Produit.java. Using fallback presentation compiler.
2026.04.12 23:29:00 INFO  no build target found for C:\Users\hp\eclipseJEE\jee-mvc1-product-management\src\main\java\dao\Produit.java. Using fallback presentation compiler.
avr. 12, 2026 11:29:01 PM org.eclipse.lsp4j.jsonrpc.RemoteEndpoint handleCancellation
AVERTISSEMENT: Unmatched cancel notification for request id 78
avr. 12, 2026 11:29:01 PM org.eclipse.lsp4j.jsonrpc.RemoteEndpoint handleCancellation
AVERTISSEMENT: Unmatched cancel notification for request id 80
2026.04.12 23:29:00 INFO  no build target found for C:\Users\hp\eclipseJEE\jee-mvc1-product-management\src\main\java\dao\Produit.java. Using fallback presentation compiler.
2026.04.12 23:29:00 INFO  no build target found for C:\Users\hp\eclipseJEE\jee-mvc1-product-management\src\main\java\dao\Produit.java. Using fallback presentation compiler.
2026.04.12 23:29:01 INFO  no build target found for C:\Users\hp\eclipseJEE\jee-mvc1-product-management\src\main\java\dao\Produit.java. Using fallback presentation compiler.
2026.04.12 23:29:02 WARN  no build target for: C:\Users\hp\eclipseJEE\jee-mvc1-product-management\src\main\java\dao\Produit.java
2026.04.12 23:29:02 INFO  no build target found for C:\Users\hp\eclipseJEE\jee-mvc1-product-management\src\main\java\dao\Produit.java. Using fallback presentation compiler.
2026.04.12 23:29:01 INFO  no build target found for C:\Users\hp\eclipseJEE\jee-mvc1-product-management\src\main\java\dao\Produit.java. Using fallback presentation compiler.
2026.04.12 23:29:01 INFO  no build target found for C:\Users\hp\eclipseJEE\jee-mvc1-product-management\src\main\java\dao\Produit.java. Using fallback presentation compiler.
avr. 12, 2026 11:29:02 PM org.eclipse.lsp4j.jsonrpc.RemoteEndpoint handleCancellation
AVERTISSEMENT: Unmatched cancel notification for request id 92
2026.04.12 23:29:01 INFO  no build target found for C:\Users\hp\eclipseJEE\jee-mvc1-product-management\src\main\java\dao\Produit.java. Using fallback presentation compiler.
2026.04.12 23:29:01 INFO  no build target found for C:\Users\hp\eclipseJEE\jee-mvc1-product-management\src\main\java\dao\Produit.java. Using fallback presentation compiler.
2026.04.12 23:29:01 INFO  no build target found for C:\Users\hp\eclipseJEE\jee-mvc1-product-management\src\main\java\dao\Produit.java. Using fallback presentation compiler.
2026.04.12 23:29:03 INFO  no build target found for C:\Users\hp\eclipseJEE\jee-mvc1-product-management\src\main\java\dao\Produit.java. Using fallback presentation compiler.
2026.04.12 23:29:03 INFO  no build target found for C:\Users\hp\eclipseJEE\jee-mvc1-product-management\src\main\java\dao\Produit.java. Using fallback presentation compiler.
2026.04.12 23:29:03 INFO  no build target found for C:\Users\hp\eclipseJEE\jee-mvc1-product-management\src\main\java\dao\Produit.java. Using fallback presentation compiler.
avr. 12, 2026 11:29:03 PM org.eclipse.lsp4j.jsonrpc.RemoteEndpoint handleCancellation
AVERTISSEMENT: Unmatched cancel notification for request id 105
2026.04.12 23:29:03 INFO  no build target found for C:\Users\hp\eclipseJEE\jee-mvc1-product-management\src\main\java\dao\Produit.java. Using fallback presentation compiler.
2026.04.12 23:29:03 INFO  no build target found for C:\Users\hp\eclipseJEE\jee-mvc1-product-management\src\main\java\dao\Produit.java. Using fallback presentation compiler.
2026.04.12 23:29:04 INFO  no build target found for C:\Users\hp\eclipseJEE\jee-mvc1-product-management\src\main\java\dao\Produit.java. Using fallback presentation compiler.
2026.04.12 23:29:04 INFO  no build target found for C:\Users\hp\eclipseJEE\jee-mvc1-product-management\src\main\java\dao\Produit.java. Using fallback presentation compiler.
avr. 12, 2026 11:29:04 PM org.eclipse.lsp4j.jsonrpc.RemoteEndpoint handleCancellation
AVERTISSEMENT: Unmatched cancel notification for request id 109
2026.04.12 23:29:04 INFO  no build target found for C:\Users\hp\eclipseJEE\jee-mvc1-product-management\src\main\java\dao\Produit.java. Using fallback presentation compiler.
2026.04.12 23:29:04 INFO  no build target found for C:\Users\hp\eclipseJEE\jee-mvc1-product-management\src\main\java\dao\Produit.java. Using fallback presentation compiler.
2026.04.12 23:29:04 INFO  no build target found for C:\Users\hp\eclipseJEE\jee-mvc1-product-management\src\main\java\dao\Produit.java. Using fallback presentation compiler.
2026.04.12 23:29:05 WARN  no build target for: C:\Users\hp\eclipseJEE\jee-mvc1-product-management\src\main\java\dao\Produit.java
2026.04.12 23:29:05 INFO  no build target found for C:\Users\hp\eclipseJEE\jee-mvc1-product-management\src\main\java\dao\Produit.java. Using fallback presentation compiler.
2026.04.12 23:29:05 INFO  no build target found for C:\Users\hp\eclipseJEE\jee-mvc1-product-management\src\main\java\dao\Produit.java. Using fallback presentation compiler.
2026.04.12 23:29:05 INFO  no build target found for C:\Users\hp\eclipseJEE\jee-mvc1-product-management\src\main\java\dao\Produit.java. Using fallback presentation compiler.
avr. 12, 2026 11:29:06 PM org.eclipse.lsp4j.jsonrpc.RemoteEndpoint handleCancellation
AVERTISSEMENT: Unmatched cancel notification for request id 122
2026.04.12 23:29:05 INFO  no build target found for C:\Users\hp\eclipseJEE\jee-mvc1-product-management\src\main\java\dao\Produit.java. Using fallback presentation compiler.
2026.04.12 23:29:05 INFO  no build target found for C:\Users\hp\eclipseJEE\jee-mvc1-product-management\src\main\java\dao\Produit.java. Using fallback presentation compiler.
2026.04.12 23:29:05 INFO  no build target found for C:\Users\hp\eclipseJEE\jee-mvc1-product-management\src\main\java\dao\Produit.java. Using fallback presentation compiler.
2026.04.12 23:29:06 INFO  no build target found for C:\Users\hp\eclipseJEE\jee-mvc1-product-management\src\main\java\dao\Produit.java. Using fallback presentation compiler.
2026.04.12 23:29:05 INFO  no build target found for C:\Users\hp\eclipseJEE\jee-mvc1-product-management\src\main\java\dao\Produit.java. Using fallback presentation compiler.
avr. 12, 2026 11:29:06 PM org.eclipse.lsp4j.jsonrpc.RemoteEndpoint handleCancellation
AVERTISSEMENT: Unmatched cancel notification for request id 125
2026.04.12 23:29:06 INFO  no build target found for C:\Users\hp\eclipseJEE\jee-mvc1-product-management\src\main\java\dao\Produit.java. Using fallback presentation compiler.
2026.04.12 23:29:06 INFO  no build target found for C:\Users\hp\eclipseJEE\jee-mvc1-product-management\src\main\java\dao\Produit.java. Using fallback presentation compiler.
2026.04.12 23:29:06 INFO  no build target found for C:\Users\hp\eclipseJEE\jee-mvc1-product-management\src\main\java\dao\Produit.java. Using fallback presentation compiler.
2026.04.12 23:29:06 INFO  no build target found for C:\Users\hp\eclipseJEE\jee-mvc1-product-management\src\main\java\dao\Produit.java. Using fallback presentation compiler.
2026.04.12 23:29:06 INFO  no build target found for C:\Users\hp\eclipseJEE\jee-mvc1-product-management\src\main\java\dao\Produit.java. Using fallback presentation compiler.
2026.04.12 23:29:07 WARN  no build target for: C:\Users\hp\eclipseJEE\jee-mvc1-product-management\src\main\java\dao\Produit.java
2026.04.12 23:29:07 INFO  no build target found for C:\Users\hp\eclipseJEE\jee-mvc1-product-management\src\main\java\dao\Produit.java. Using fallback presentation compiler.
2026.04.12 23:29:07 INFO  no build target found for C:\Users\hp\eclipseJEE\jee-mvc1-product-management\src\main\java\dao\Produit.java. Using fallback presentation compiler.
2026.04.12 23:29:07 INFO  no build target found for C:\Users\hp\eclipseJEE\jee-mvc1-product-management\src\main\java\dao\Produit.java. Using fallback presentation compiler.
2026.04.12 23:29:07 INFO  no build target found for C:\Users\hp\eclipseJEE\jee-mvc1-product-management\src\main\java\dao\Produit.java. Using fallback presentation compiler.
2026.04.12 23:29:07 INFO  no build target found for C:\Users\hp\eclipseJEE\jee-mvc1-product-management\src\main\java\dao\Produit.java. Using fallback presentation compiler.
2026.04.12 23:29:07 INFO  no build target found for C:\Users\hp\eclipseJEE\jee-mvc1-product-management\src\main\java\dao\Produit.java. Using fallback presentation compiler.
2026.04.12 23:29:08 INFO  no build target found for C:\Users\hp\eclipseJEE\jee-mvc1-product-management\src\main\java\dao\Produit.java. Using fallback presentation compiler.
2026.04.12 23:29:08 INFO  no build target found for C:\Users\hp\eclipseJEE\jee-mvc1-product-management\src\main\java\dao\Produit.java. Using fallback presentation compiler.
2026.04.12 23:29:08 INFO  no build target found for C:\Users\hp\eclipseJEE\jee-mvc1-product-management\src\main\java\dao\Produit.java. Using fallback presentation compiler.
2026.04.12 23:29:08 INFO  no build target found for C:\Users\hp\eclipseJEE\jee-mvc1-product-management\src\main\java\dao\Produit.java. Using fallback presentation compiler.
2026.04.12 23:29:09 INFO  no build target found for C:\Users\hp\eclipseJEE\jee-mvc1-product-management\src\main\java\dao\Produit.java. Using fallback presentation compiler.
2026.04.12 23:29:10 WARN  no build target for: C:\Users\hp\eclipseJEE\jee-mvc1-product-management\src\main\java\dao\Produit.java
2026.04.12 23:29:10 INFO  no build target found for C:\Users\hp\eclipseJEE\jee-mvc1-product-management\src\main\java\dao\Produit.java. Using fallback presentation compiler.
2026.04.12 23:29:10 INFO  no build target found for C:\Users\hp\eclipseJEE\jee-mvc1-product-management\src\main\java\dao\Produit.java. Using fallback presentation compiler.
2026.04.12 23:29:10 INFO  no build target found for C:\Users\hp\eclipseJEE\jee-mvc1-product-management\src\main\java\dao\Produit.java. Using fallback presentation compiler.
2026.04.12 23:29:10 INFO  no build target found for C:\Users\hp\eclipseJEE\jee-mvc1-product-management\src\main\java\dao\Produit.java. Using fallback presentation compiler.
2026.04.12 23:29:10 INFO  no build target found for C:\Users\hp\eclipseJEE\jee-mvc1-product-management\src\main\java\dao\Produit.java. Using fallback presentation compiler.
avr. 12, 2026 11:29:11 PM org.eclipse.lsp4j.jsonrpc.RemoteEndpoint handleCancellation
AVERTISSEMENT: Unmatched cancel notification for request id 168
2026.04.12 23:29:10 INFO  no build target found for C:\Users\hp\eclipseJEE\jee-mvc1-product-management\src\main\java\dao\Produit.java. Using fallback presentation compiler.
2026.04.12 23:29:11 INFO  no build target found for C:\Users\hp\eclipseJEE\jee-mvc1-product-management\src\main\java\dao\Produit.java. Using fallback presentation compiler.
2026.04.12 23:29:11 INFO  no build target found for C:\Users\hp\eclipseJEE\jee-mvc1-product-management\src\main\java\dao\Produit.java. Using fallback presentation compiler.
2026.04.12 23:29:11 INFO  no build target found for C:\Users\hp\eclipseJEE\jee-mvc1-product-management\src\main\java\dao\Produit.java. Using fallback presentation compiler.
2026.04.12 23:29:11 INFO  no build target found for C:\Users\hp\eclipseJEE\jee-mvc1-product-management\src\main\java\dao\Produit.java. Using fallback presentation compiler.
2026.04.12 23:29:12 INFO  no build target found for C:\Users\hp\eclipseJEE\jee-mvc1-product-management\src\main\java\dao\Produit.java. Using fallback presentation compiler.
2026.04.12 23:29:12 INFO  no build target found for C:\Users\hp\eclipseJEE\jee-mvc1-product-management\src\main\java\dao\Produit.java. Using fallback presentation compiler.
2026.04.12 23:29:12 INFO  no build target found for C:\Users\hp\eclipseJEE\jee-mvc1-product-management\src\main\java\dao\Produit.java. Using fallback presentation compiler.
2026.04.12 23:29:12 INFO  no build target found for C:\Users\hp\eclipseJEE\jee-mvc1-product-management\src\main\java\dao\Produit.java. Using fallback presentation compiler.
2026.04.12 23:29:12 INFO  no build target found for C:\Users\hp\eclipseJEE\jee-mvc1-product-management\src\main\java\dao\Produit.java. Using fallback presentation compiler.
2026.04.12 23:29:13 INFO  no build target found for C:\Users\hp\eclipseJEE\jee-mvc1-product-management\src\main\java\dao\Produit.java. Using fallback presentation compiler.
2026.04.12 23:29:14 INFO  no build target found for C:\Users\hp\eclipseJEE\jee-mvc1-product-management\src\main\java\dao\Produit.java. Using fallback presentation compiler.
2026.04.12 23:29:14 WARN  no build target for: C:\Users\hp\eclipseJEE\jee-mvc1-product-management\src\main\java\dao\Produit.java
2026.04.12 23:29:14 INFO  no build target found for C:\Users\hp\eclipseJEE\jee-mvc1-product-management\src\main\java\dao\Produit.java. Using fallback presentation compiler.
2026.04.12 23:29:14 INFO  no build target found for C:\Users\hp\eclipseJEE\jee-mvc1-product-management\src\main\java\dao\Produit.java. Using fallback presentation compiler.
2026.04.12 23:29:14 INFO  no build target found for C:\Users\hp\eclipseJEE\jee-mvc1-product-management\src\main\java\dao\Produit.java. Using fallback presentation compiler.
2026.04.12 23:29:15 INFO  no build target found for C:\Users\hp\eclipseJEE\jee-mvc1-product-management\src\main\java\dao\Produit.java. Using fallback presentation compiler.
2026.04.12 23:29:15 INFO  no build target found for C:\Users\hp\eclipseJEE\jee-mvc1-product-management\src\main\java\dao\Produit.java. Using fallback presentation compiler.
2026.04.12 23:29:15 INFO  no build target found for C:\Users\hp\eclipseJEE\jee-mvc1-product-management\src\main\java\dao\Produit.java. Using fallback presentation compiler.
2026.04.12 23:29:15 INFO  no build target found for C:\Users\hp\eclipseJEE\jee-mvc1-product-management\src\main\java\dao\Produit.java. Using fallback presentation compiler.
2026.04.12 23:29:15 INFO  no build target found for C:\Users\hp\eclipseJEE\jee-mvc1-product-management\src\main\java\dao\Produit.java. Using fallback presentation compiler.
2026.04.12 23:29:15 INFO  no build target found for C:\Users\hp\eclipseJEE\jee-mvc1-product-management\src\main\java\dao\Produit.java. Using fallback presentation compiler.
2026.04.12 23:29:16 INFO  no build target found for C:\Users\hp\eclipseJEE\jee-mvc1-product-management\src\main\java\dao\Produit.java. Using fallback presentation compiler.
2026.04.12 23:29:17 WARN  no build target for: C:\Users\hp\eclipseJEE\jee-mvc1-product-management\src\main\java\dao\Produit.java
2026.04.12 23:29:17 INFO  no build target found for C:\Users\hp\eclipseJEE\jee-mvc1-product-management\src\main\java\dao\Produit.java. Using fallback presentation compiler.
2026.04.12 23:29:16 INFO  no build target found for C:\Users\hp\eclipseJEE\jee-mvc1-product-management\src\main\java\dao\Produit.java. Using fallback presentation compiler.
2026.04.12 23:29:17 INFO  no build target found for C:\Users\hp\eclipseJEE\jee-mvc1-product-management\src\main\java\dao\Produit.java. Using fallback presentation compiler.
2026.04.12 23:29:17 INFO  no build target found for C:\Users\hp\eclipseJEE\jee-mvc1-product-management\src\main\java\dao\Produit.java. Using fallback presentation compiler.
2026.04.12 23:29:17 INFO  no build target found for C:\Users\hp\eclipseJEE\jee-mvc1-product-management\src\main\java\dao\Produit.java. Using fallback presentation compiler.
2026.04.12 23:29:18 WARN  no build target for: C:\Users\hp\eclipseJEE\jee-mvc1-product-management\src\main\java\dao\Produit.java
2026.04.12 23:29:18 INFO  no build target found for C:\Users\hp\eclipseJEE\jee-mvc1-product-management\src\main\java\dao\Produit.java. Using fallback presentation compiler.
2026.04.12 23:29:17 INFO  no build target found for C:\Users\hp\eclipseJEE\jee-mvc1-product-management\src\main\java\dao\Produit.java. Using fallback presentation compiler.
2026.04.12 23:29:19 INFO  no build target found for C:\Users\hp\eclipseJEE\jee-mvc1-product-management\src\main\java\dao\Produit.java. Using fallback presentation compiler.
2026.04.12 23:29:19 INFO  no build target found for C:\Users\hp\eclipseJEE\jee-mvc1-product-management\src\main\java\dao\Produit.java. Using fallback presentation compiler.
2026.04.12 23:29:19 INFO  no build target found for C:\Users\hp\eclipseJEE\jee-mvc1-product-management\src\main\java\dao\Produit.java. Using fallback presentation compiler.
2026.04.12 23:29:19 INFO  no build target found for C:\Users\hp\eclipseJEE\jee-mvc1-product-management\src\main\java\dao\Produit.java. Using fallback presentation compiler.
2026.04.12 23:29:21 INFO  no build target found for C:\Users\hp\eclipseJEE\jee-mvc1-product-management\src\main\java\dao\Produit.java. Using fallback presentation compiler.
2026.04.12 23:29:21 INFO  no build target found for C:\Users\hp\eclipseJEE\jee-mvc1-product-management\src\main\java\dao\Produit.java. Using fallback presentation compiler.
2026.04.12 23:29:21 INFO  no build target found for C:\Users\hp\eclipseJEE\jee-mvc1-product-management\src\main\java\dao\Produit.java. Using fallback presentation compiler.
2026.04.12 23:29:21 INFO  no build target found for C:\Users\hp\eclipseJEE\jee-mvc1-product-management\src\main\java\dao\Produit.java. Using fallback presentation compiler.
2026.04.12 23:29:21 INFO  no build target found for C:\Users\hp\eclipseJEE\jee-mvc1-product-management\src\main\java\dao\Produit.java. Using fallback presentation compiler.
2026.04.12 23:29:21 INFO  no build target found for C:\Users\hp\eclipseJEE\jee-mvc1-product-management\src\main\java\dao\Produit.java. Using fallback presentation compiler.
2026.04.12 23:29:22 WARN  no build target for: C:\Users\hp\eclipseJEE\jee-mvc1-product-management\src\main\java\dao\Produit.java
2026.04.12 23:29:22 INFO  no build target found for C:\Users\hp\eclipseJEE\jee-mvc1-product-management\src\main\java\dao\Produit.java. Using fallback presentation compiler.
2026.04.12 23:29:23 INFO  no build target found for C:\Users\hp\eclipseJEE\jee-mvc1-product-management\src\main\java\dao\Produit.java. Using fallback presentation compiler.
2026.04.12 23:29:23 INFO  no build target found for C:\Users\hp\eclipseJEE\jee-mvc1-product-management\src\main\java\dao\Produit.java. Using fallback presentation compiler.
2026.04.12 23:29:23 INFO  no build target found for C:\Users\hp\eclipseJEE\jee-mvc1-product-management\src\main\java\dao\Produit.java. Using fallback presentation compiler.
2026.04.12 23:29:24 INFO  no build target found for C:\Users\hp\eclipseJEE\jee-mvc1-product-management\src\main\java\dao\Produit.java. Using fallback presentation compiler.
2026.04.12 23:29:24 INFO  no build target found for C:\Users\hp\eclipseJEE\jee-mvc1-product-management\src\main\java\dao\Produit.java. Using fallback presentation compiler.
2026.04.12 23:29:24 INFO  no build target found for C:\Users\hp\eclipseJEE\jee-mvc1-product-management\src\main\java\dao\Produit.java. Using fallback presentation compiler.
2026.04.12 23:29:24 INFO  no build target found for C:\Users\hp\eclipseJEE\jee-mvc1-product-management\src\main\java\dao\Produit.java. Using fallback presentation compiler.
2026.04.12 23:29:24 INFO  no build target found for C:\Users\hp\eclipseJEE\jee-mvc1-product-management\src\main\java\dao\Produit.java. Using fallback presentation compiler.
2026.04.12 23:29:24 INFO  no build target found for C:\Users\hp\eclipseJEE\jee-mvc1-product-management\src\main\java\dao\Produit.java. Using fallback presentation compiler.
2026.04.12 23:29:24 INFO  no build target found for C:\Users\hp\eclipseJEE\jee-mvc1-product-management\src\main\java\dao\Produit.java. Using fallback presentation compiler.
2026.04.12 23:29:25 INFO  no build target found for C:\Users\hp\eclipseJEE\jee-mvc1-product-management\src\main\java\dao\Produit.java. Using fallback presentation compiler.
2026.04.12 23:29:25 INFO  no build target found for C:\Users\hp\eclipseJEE\jee-mvc1-product-management\src\main\java\dao\Produit.java. Using fallback presentation compiler.
2026.04.12 23:29:26 WARN  no build target for: C:\Users\hp\eclipseJEE\jee-mvc1-product-management\src\main\java\dao\Produit.java
2026.04.12 23:29:26 INFO  no build target found for C:\Users\hp\eclipseJEE\jee-mvc1-product-management\src\main\java\dao\Produit.java. Using fallback presentation compiler.
2026.04.12 23:29:26 INFO  no build target found for C:\Users\hp\eclipseJEE\jee-mvc1-product-management\src\main\java\dao\Produit.java. Using fallback presentation compiler.
2026.04.12 23:29:26 INFO  no build target found for C:\Users\hp\eclipseJEE\jee-mvc1-product-management\src\main\java\dao\Produit.java. Using fallback presentation compiler.
2026.04.12 23:29:26 INFO  no build target found for C:\Users\hp\eclipseJEE\jee-mvc1-product-management\src\main\java\dao\Produit.java. Using fallback presentation compiler.
2026.04.12 23:29:27 INFO  no build target found for C:\Users\hp\eclipseJEE\jee-mvc1-product-management\src\main\java\dao\Produit.java. Using fallback presentation compiler.
2026.04.12 23:29:27 INFO  no build target found for C:\Users\hp\eclipseJEE\jee-mvc1-product-management\src\main\java\dao\Produit.java. Using fallback presentation compiler.
2026.04.12 23:29:27 INFO  no build target found for C:\Users\hp\eclipseJEE\jee-mvc1-product-management\src\main\java\dao\Produit.java. Using fallback presentation compiler.
2026.04.12 23:29:27 INFO  no build target found for C:\Users\hp\eclipseJEE\jee-mvc1-product-management\src\main\java\dao\Produit.java. Using fallback presentation compiler.
2026.04.12 23:29:28 INFO  no build target found for C:\Users\hp\eclipseJEE\jee-mvc1-product-management\src\main\java\dao\Produit.java. Using fallback presentation compiler.
2026.04.12 23:29:28 INFO  no build target found for C:\Users\hp\eclipseJEE\jee-mvc1-product-management\src\main\java\dao\Produit.java. Using fallback presentation compiler.
2026.04.12 23:29:28 INFO  no build target found for C:\Users\hp\eclipseJEE\jee-mvc1-product-management\src\main\java\dao\Produit.java. Using fallback presentation compiler.
2026.04.12 23:29:28 INFO  no build target found for C:\Users\hp\eclipseJEE\jee-mvc1-product-management\src\main\java\dao\Produit.java. Using fallback presentation compiler.
2026.04.12 23:29:28 INFO  no build target found for C:\Users\hp\eclipseJEE\jee-mvc1-product-management\src\main\java\dao\Produit.java. Using fallback presentation compiler.
2026.04.12 23:29:29 WARN  no build target for: C:\Users\hp\eclipseJEE\jee-mvc1-product-management\src\main\java\dao\Produit.java
2026.04.12 23:29:29 INFO  no build target found for C:\Users\hp\eclipseJEE\jee-mvc1-product-management\src\main\java\dao\Produit.java. Using fallback presentation compiler.
2026.04.12 23:29:29 INFO  no build target found for C:\Users\hp\eclipseJEE\jee-mvc1-product-management\src\main\java\dao\Produit.java. Using fallback presentation compiler.
2026.04.12 23:29:29 INFO  no build target found for C:\Users\hp\eclipseJEE\jee-mvc1-product-management\src\main\java\dao\Produit.java. Using fallback presentation compiler.
2026.04.12 23:29:29 INFO  no build target found for C:\Users\hp\eclipseJEE\jee-mvc1-product-management\src\main\java\dao\Produit.java. Using fallback presentation compiler.
2026.04.12 23:29:29 INFO  no build target found for C:\Users\hp\eclipseJEE\jee-mvc1-product-management\src\main\java\dao\Produit.java. Using fallback presentation compiler.
2026.04.12 23:29:31 INFO  no build target found for C:\Users\hp\eclipseJEE\jee-mvc1-product-management\src\main\java\dao\Produit.java. Using fallback presentation compiler.
2026.04.12 23:29:31 INFO  no build target found for C:\Users\hp\eclipseJEE\jee-mvc1-product-management\src\main\java\dao\Produit.java. Using fallback presentation compiler.
2026.04.12 23:29:31 INFO  no build target found for C:\Users\hp\eclipseJEE\jee-mvc1-product-management\src\main\java\dao\Produit.java. Using fallback presentation compiler.
2026.04.12 23:29:31 INFO  no build target found for C:\Users\hp\eclipseJEE\jee-mvc1-product-management\src\main\java\dao\Produit.java. Using fallback presentation compiler.
2026.04.12 23:29:31 INFO  no build target found for C:\Users\hp\eclipseJEE\jee-mvc1-product-management\src\main\java\dao\Produit.java. Using fallback presentation compiler.
2026.04.12 23:29:32 WARN  no build target for: C:\Users\hp\eclipseJEE\jee-mvc1-product-management\src\main\java\dao\Produit.java
2026.04.12 23:29:32 INFO  no build target found for C:\Users\hp\eclipseJEE\jee-mvc1-product-management\src\main\java\dao\Produit.java. Using fallback presentation compiler.
2026.04.12 23:29:32 INFO  no build target found for C:\Users\hp\eclipseJEE\jee-mvc1-product-management\src\main\java\dao\Produit.java. Using fallback presentation compiler.
2026.04.12 23:29:32 INFO  no build target found for C:\Users\hp\eclipseJEE\jee-mvc1-product-management\src\main\java\dao\Produit.java. Using fallback presentation compiler.
2026.04.12 23:29:32 INFO  no build target found for C:\Users\hp\eclipseJEE\jee-mvc1-product-management\src\main\java\dao\Produit.java. Using fallback presentation compiler.
2026.04.12 23:29:32 INFO  no build target found for C:\Users\hp\eclipseJEE\jee-mvc1-product-management\src\main\java\dao\Produit.java. Using fallback presentation compiler.
2026.04.12 23:29:33 WARN  no build target for: C:\Users\hp\eclipseJEE\jee-mvc1-product-management\src\main\java\dao\Produit.java
2026.04.12 23:29:33 INFO  no build target found for C:\Users\hp\eclipseJEE\jee-mvc1-product-management\src\main\java\dao\Produit.java. Using fallback presentation compiler.
2026.04.12 23:29:34 INFO  no build target found for C:\Users\hp\eclipseJEE\jee-mvc1-product-management\src\main\java\dao\Produit.java. Using fallback presentation compiler.
2026.04.12 23:29:34 INFO  no build target found for C:\Users\hp\eclipseJEE\jee-mvc1-product-management\src\main\java\dao\Produit.java. Using fallback presentation compiler.
2026.04.12 23:29:34 INFO  no build target found for C:\Users\hp\eclipseJEE\jee-mvc1-product-management\src\main\java\dao\Produit.java. Using fallback presentation compiler.
2026.04.12 23:29:34 INFO  no build target found for C:\Users\hp\eclipseJEE\jee-mvc1-product-management\src\main\java\dao\Produit.java. Using fallback presentation compiler.
2026.04.12 23:29:34 INFO  no build target found for C:\Users\hp\eclipseJEE\jee-mvc1-product-management\src\main\java\dao\Produit.java. Using fallback presentation compiler.
2026.04.12 23:29:34 INFO  no build target found for C:\Users\hp\eclipseJEE\jee-mvc1-product-management\src\main\java\dao\Produit.java. Using fallback presentation compiler.
2026.04.12 23:29:34 INFO  no build target found for C:\Users\hp\eclipseJEE\jee-mvc1-product-management\src\main\java\dao\Produit.java. Using fallback presentation compiler.
2026.04.12 23:29:34 INFO  no build target found for C:\Users\hp\eclipseJEE\jee-mvc1-product-management\src\main\java\dao\Produit.java. Using fallback presentation compiler.
avr. 12, 2026 11:29:34 PM org.eclipse.lsp4j.jsonrpc.RemoteEndpoint handleCancellation
AVERTISSEMENT: Unmatched cancel notification for request id 324
2026.04.12 23:29:35 INFO  no build target found for C:\Users\hp\eclipseJEE\jee-mvc1-product-management\src\main\java\dao\Produit.java. Using fallback presentation compiler.
2026.04.12 23:29:35 INFO  no build target found for C:\Users\hp\eclipseJEE\jee-mvc1-product-management\src\main\java\dao\Produit.java. Using fallback presentation compiler.
2026.04.12 23:29:35 INFO  no build target found for C:\Users\hp\eclipseJEE\jee-mvc1-product-management\src\main\java\dao\Produit.java. Using fallback presentation compiler.
2026.04.12 23:29:35 INFO  no build target found for C:\Users\hp\eclipseJEE\jee-mvc1-product-management\src\main\java\dao\Produit.java. Using fallback presentation compiler.
2026.04.12 23:29:35 INFO  no build target found for C:\Users\hp\eclipseJEE\jee-mvc1-product-management\src\main\java\dao\Produit.java. Using fallback presentation compiler.
2026.04.12 23:29:36 INFO  no build target found for C:\Users\hp\eclipseJEE\jee-mvc1-product-management\src\main\java\dao\Produit.java. Using fallback presentation compiler.
2026.04.12 23:29:36 WARN  no build target for: C:\Users\hp\eclipseJEE\jee-mvc1-product-management\src\main\java\dao\Produit.java
2026.04.12 23:29:36 INFO  no build target found for C:\Users\hp\eclipseJEE\jee-mvc1-product-management\src\main\java\dao\Produit.java. Using fallback presentation compiler.
2026.04.12 23:29:36 INFO  no build target found for C:\Users\hp\eclipseJEE\jee-mvc1-product-management\src\main\java\dao\Produit.java. Using fallback presentation compiler.
2026.04.12 23:29:36 INFO  no build target found for C:\Users\hp\eclipseJEE\jee-mvc1-product-management\src\main\java\dao\Produit.java. Using fallback presentation compiler.
2026.04.12 23:29:36 INFO  no build target found for C:\Users\hp\eclipseJEE\jee-mvc1-product-management\src\main\java\dao\Produit.java. Using fallback presentation compiler.
2026.04.12 23:29:36 INFO  no build target found for C:\Users\hp\eclipseJEE\jee-mvc1-product-management\src\main\java\dao\Produit.java. Using fallback presentation compiler.
2026.04.12 23:29:37 INFO  no build target found for C:\Users\hp\eclipseJEE\jee-mvc1-product-management\src\main\java\dao\Produit.java. Using fallback presentation compiler.
2026.04.12 23:29:36 INFO  no build target found for C:\Users\hp\eclipseJEE\jee-mvc1-product-management\src\main\java\dao\Produit.java. Using fallback presentation compiler.
avr. 12, 2026 11:29:37 PM org.eclipse.lsp4j.jsonrpc.RemoteEndpoint handleCancellation
AVERTISSEMENT: Unmatched cancel notification for request id 348
2026.04.12 23:29:37 INFO  no build target found for C:\Users\hp\eclipseJEE\jee-mvc1-product-management\src\main\java\dao\Produit.java. Using fallback presentation compiler.
avr. 12, 2026 11:29:37 PM org.eclipse.lsp4j.jsonrpc.RemoteEndpoint handleCancellation
AVERTISSEMENT: Unmatched cancel notification for request id 349
2026.04.12 23:29:37 INFO  no build target found for C:\Users\hp\eclipseJEE\jee-mvc1-product-management\src\main\java\dao\Produit.java. Using fallback presentation compiler.
2026.04.12 23:29:37 INFO  no build target found for C:\Users\hp\eclipseJEE\jee-mvc1-product-management\src\main\java\dao\Produit.java. Using fallback presentation compiler.
2026.04.12 23:29:37 INFO  no build target found for C:\Users\hp\eclipseJEE\jee-mvc1-product-management\src\main\java\dao\Produit.java. Using fallback presentation compiler.
2026.04.12 23:29:37 INFO  no build target found for C:\Users\hp\eclipseJEE\jee-mvc1-product-management\src\main\java\dao\Produit.java. Using fallback presentation compiler.
2026.04.12 23:29:38 WARN  no build target for: C:\Users\hp\eclipseJEE\jee-mvc1-product-management\src\main\java\dao\Produit.java
2026.04.12 23:29:38 INFO  no build target found for C:\Users\hp\eclipseJEE\jee-mvc1-product-management\src\main\java\dao\Produit.java. Using fallback presentation compiler.
2026.04.12 23:29:38 INFO  no build target found for C:\Users\hp\eclipseJEE\jee-mvc1-product-management\src\main\java\dao\Produit.java. Using fallback presentation compiler.
2026.04.12 23:29:40 INFO  no build target found for C:\Users\hp\eclipseJEE\jee-mvc1-product-management\src\main\java\dao\Produit.java. Using fallback presentation compiler.
2026.04.12 23:29:41 INFO  no build target found for C:\Users\hp\eclipseJEE\jee-mvc1-product-management\src\main\java\dao\Produit.java. Using fallback presentation compiler.
2026.04.12 23:29:41 INFO  no build target found for C:\Users\hp\eclipseJEE\jee-mvc1-product-management\src\main\java\dao\Produit.java. Using fallback presentation compiler.
2026.04.12 23:29:43 INFO  no build target found for C:\Users\hp\eclipseJEE\jee-mvc1-product-management\src\main\java\dao\Produit.java. Using fallback presentation compiler.
2026.04.12 23:29:43 INFO  no build target found for C:\Users\hp\eclipseJEE\jee-mvc1-product-management\src\main\java\dao\Produit.java. Using fallback presentation compiler.
2026.04.12 23:29:43 INFO  no build target found for C:\Users\hp\eclipseJEE\jee-mvc1-product-management\src\main\java\dao\Produit.java. Using fallback presentation compiler.
2026.04.12 23:29:43 INFO  no build target found for C:\Users\hp\eclipseJEE\jee-mvc1-product-management\src\main\java\dao\Produit.java. Using fallback presentation compiler.
2026.04.12 23:29:45 INFO  no build target found for C:\Users\hp\eclipseJEE\jee-mvc1-product-management\src\main\java\dao\Produit.java. Using fallback presentation compiler.
2026.04.12 23:29:45 INFO  no build target found for C:\Users\hp\eclipseJEE\jee-mvc1-product-management\src\main\java\dao\Produit.java. Using fallback presentation compiler.
avr. 12, 2026 11:29:45 PM org.eclipse.lsp4j.jsonrpc.RemoteEndpoint handleCancellation
AVERTISSEMENT: Unmatched cancel notification for request id 381
2026.04.12 23:29:47 INFO  no build target found for C:\Users\hp\eclipseJEE\jee-mvc1-product-management\src\main\java\dao\Produit.java. Using fallback presentation compiler.
2026.04.12 23:29:47 WARN  no build target for: C:\Users\hp\eclipseJEE\jee-mvc1-product-management\src\main\java\dao\Produit.java
2026.04.12 23:29:48 INFO  no build target found for C:\Users\hp\eclipseJEE\jee-mvc1-product-management\src\main\java\dao\Produit.java. Using fallback presentation compiler.
2026.04.12 23:29:50 INFO  no build target found for C:\Users\hp\eclipseJEE\jee-mvc1-product-management\src\main\java\dao\Produit.java. Using fallback presentation compiler.
2026.04.12 23:29:50 INFO  no build target found for C:\Users\hp\eclipseJEE\jee-mvc1-product-management\src\main\java\dao\Produit.java. Using fallback presentation compiler.
2026.04.12 23:30:00 INFO  no build target found for C:\Users\hp\eclipseJEE\jee-mvc1-product-management\src\main\java\dao\Produit.java. Using fallback presentation compiler.
avr. 12, 2026 11:30:01 PM org.eclipse.lsp4j.jsonrpc.services.GenericEndpoint notify
INFOS: Unsupported notification method: $/setTrace
2026.04.12 23:30:02 INFO  no build target found for C:\Users\hp\eclipseJEE\jee-mvc1-product-management\src\main\java\dao\Produit.java. Using fallback presentation compiler.
2026.04.12 23:30:04 INFO  no build target found for C:\Users\hp\eclipseJEE\jee-mvc1-product-management\src\main\java\dao\Produit.java. Using fallback presentation compiler.
2026.04.12 23:30:04 INFO  no build target found for C:\Users\hp\eclipseJEE\jee-mvc1-product-management\src\main\java\dao\Produit.java. Using fallback presentation compiler.
2026.04.12 23:30:06 INFO  no build target found for C:\Users\hp\eclipseJEE\jee-mvc1-product-management\src\main\java\dao\Produit.java. Using fallback presentation compiler.
2026.04.12 23:30:06 INFO  no build target found for C:\Users\hp\eclipseJEE\jee-mvc1-product-management\src\main\java\dao\Produit.java. Using fallback presentation compiler.
2026.04.12 23:30:23 INFO  no build target found for C:\Users\hp\eclipseJEE\jee-mvc1-product-management\src\main\java\dao\Produit.java. Using fallback presentation compiler.
2026.04.12 23:30:23 INFO  no build target found for C:\Users\hp\eclipseJEE\jee-mvc1-product-management\src\main\java\dao\Produit.java. Using fallback presentation compiler.
2026.04.12 23:30:26 WARN  no build target for: C:\Users\hp\eclipseJEE\jee-mvc1-product-management\src\main\java\dao\Produit.java
2026.04.12 23:30:26 INFO  no build target found for C:\Users\hp\eclipseJEE\jee-mvc1-product-management\src\main\java\dao\Produit.java. Using fallback presentation compiler.
avr. 12, 2026 11:30:26 PM org.eclipse.lsp4j.jsonrpc.services.GenericEndpoint notify
INFOS: Unsupported notification method: $/setTrace
2026.04.12 23:30:28 INFO  no build target found for C:\Users\hp\eclipseJEE\jee-mvc1-product-management\src\main\java\dao\Produit.java. Using fallback presentation compiler.
avr. 12, 2026 11:30:28 PM org.eclipse.lsp4j.jsonrpc.services.GenericEndpoint notify
INFOS: Unsupported notification method: $/setTrace
2026.04.12 23:30:51 INFO  no build target found for C:\Users\hp\eclipseJEE\jee-mvc1-product-management\src\main\java\dao\ProduitDAO.java. Using fallback presentation compiler.
2026.04.12 23:30:51 INFO  no build target found for C:\Users\hp\eclipseJEE\jee-mvc1-product-management\src\main\java\dao\ProduitDAO.java. Using fallback presentation compiler.
avr. 12, 2026 11:30:51 PM org.eclipse.lsp4j.jsonrpc.RemoteEndpoint handleCancellation
AVERTISSEMENT: Unmatched cancel notification for request id 404
2026.04.12 23:30:51 INFO  no build target found for C:\Users\hp\eclipseJEE\jee-mvc1-product-management\src\main\java\dao\ProduitDAO.java. Using fallback presentation compiler.
avr. 12, 2026 11:30:52 PM org.eclipse.lsp4j.jsonrpc.services.GenericEndpoint notify
INFOS: Unsupported notification method: $/setTrace
2026.04.12 23:30:52 INFO  no build target found for C:\Users\hp\eclipseJEE\jee-mvc1-product-management\src\main\java\dao\ProduitDAO.java. Using fallback presentation compiler.
avr. 12, 2026 11:30:53 PM org.eclipse.lsp4j.jsonrpc.services.GenericEndpoint notify
INFOS: Unsupported notification method: $/setTrace
2026.04.12 23:30:57 INFO  no build target found for C:\Users\hp\eclipseJEE\jee-mvc1-product-management\src\main\java\dao\ProduitDAO.java. Using fallback presentation compiler.
2026.04.12 23:30:57 WARN  no build target for: C:\Users\hp\eclipseJEE\jee-mvc1-product-management\src\main\java\dao\ProduitDAO.java
2026.04.12 23:30:57 INFO  no build target found for C:\Users\hp\eclipseJEE\jee-mvc1-product-management\src\main\java\dao\ProduitDAO.java. Using fallback presentation compiler.
2026.04.12 23:30:58 INFO  no build target found for C:\Users\hp\eclipseJEE\jee-mvc1-product-management\src\main\java\dao\ProduitDAO.java. Using fallback presentation compiler.
avr. 12, 2026 11:30:58 PM org.eclipse.lsp4j.jsonrpc.services.GenericEndpoint notify
INFOS: Unsupported notification method: $/setTrace
2026.04.12 23:31:00 INFO  no build target found for C:\Users\hp\eclipseJEE\jee-mvc1-product-management\src\main\java\dao\ProduitDAO.java. Using fallback presentation compiler.
2026.04.12 23:31:01 INFO  no build target found for C:\Users\hp\eclipseJEE\jee-mvc1-product-management\src\main\java\dao\ProduitDAO.java. Using fallback presentation compiler.
avr. 12, 2026 11:31:03 PM org.eclipse.lsp4j.jsonrpc.services.GenericEndpoint notify
INFOS: Unsupported notification method: $/setTrace
2026.04.12 23:31:11 INFO  no build target found for C:\Users\hp\eclipseJEE\jee-mvc1-product-management\src\main\java\dao\ProduitDAO.java. Using fallback presentation compiler.
2026.04.12 23:31:11 WARN  no build target for: C:\Users\hp\eclipseJEE\jee-mvc1-product-management\src\main\java\dao\ProduitDAO.java
2026.04.12 23:31:11 INFO  no build target found for C:\Users\hp\eclipseJEE\jee-mvc1-product-management\src\main\java\dao\ProduitDAO.java. Using fallback presentation compiler.
2026.04.12 23:31:11 INFO  no build target found for C:\Users\hp\eclipseJEE\jee-mvc1-product-management\src\main\java\dao\ProduitDAO.java. Using fallback presentation compiler.
avr. 12, 2026 11:31:11 PM org.eclipse.lsp4j.jsonrpc.services.GenericEndpoint notify
INFOS: Unsupported notification method: $/setTrace
2026.04.12 23:31:13 INFO  no build target found for C:\Users\hp\eclipseJEE\jee-mvc1-product-management\src\main\java\dao\ProduitDAO.java. Using fallback presentation compiler.
avr. 12, 2026 11:31:15 PM org.eclipse.lsp4j.jsonrpc.services.GenericEndpoint notify
INFOS: Unsupported notification method: $/setTrace
2026.04.12 23:31:16 INFO  no build target found for C:\Users\hp\eclipseJEE\jee-mvc1-product-management\src\main\java\dao\ProduitDAO.java. Using fallback presentation compiler.
2026.04.12 23:31:16 INFO  no build target found for C:\Users\hp\eclipseJEE\jee-mvc1-product-management\src\main\java\dao\ProduitDAO.java. Using fallback presentation compiler.
2026.04.12 23:31:16 INFO  no build target found for C:\Users\hp\eclipseJEE\jee-mvc1-product-management\src\main\java\dao\ProduitDAO.java. Using fallback presentation compiler.
2026.04.12 23:31:21 INFO  no build target found for C:\Users\hp\eclipseJEE\jee-mvc1-product-management\src\main\java\dao\ProduitDAO.java. Using fallback presentation compiler.
2026.04.12 23:31:21 INFO  no build target found for C:\Users\hp\eclipseJEE\jee-mvc1-product-management\src\main\java\dao\ProduitDAO.java. Using fallback presentation compiler.
2026.04.12 23:31:22 WARN  no build target for: C:\Users\hp\eclipseJEE\jee-mvc1-product-management\src\main\java\dao\ProduitDAO.java
2026.04.12 23:31:21 INFO  no build target found for C:\Users\hp\eclipseJEE\jee-mvc1-product-management\src\main\java\dao\ProduitDAO.java. Using fallback presentation compiler.
2026.04.12 23:31:22 INFO  no build target found for C:\Users\hp\eclipseJEE\jee-mvc1-product-management\src\main\java\dao\ProduitDAO.java. Using fallback presentation compiler.
avr. 12, 2026 11:31:22 PM org.eclipse.lsp4j.jsonrpc.services.GenericEndpoint notify
INFOS: Unsupported notification method: $/setTrace
2026.04.12 23:31:21 INFO  no build target found for C:\Users\hp\eclipseJEE\jee-mvc1-product-management\src\main\java\dao\ProduitDAO.java. Using fallback presentation compiler.
2026.04.12 23:31:26 INFO  no build target found for C:\Users\hp\eclipseJEE\jee-mvc1-product-management\src\main\java\dao\ProduitDAO.java. Using fallback presentation compiler.
avr. 12, 2026 11:31:26 PM org.eclipse.lsp4j.jsonrpc.services.GenericEndpoint notify
INFOS: Unsupported notification method: $/setTrace
2026.04.12 23:31:46 INFO  no build target found for C:\Users\hp\eclipseJEE\jee-mvc1-product-management\src\main\java\dao\ProduitImpl.java. Using fallback presentation compiler.
2026.04.12 23:31:46 INFO  no build target found for C:\Users\hp\eclipseJEE\jee-mvc1-product-management\src\main\java\dao\ProduitImpl.java. Using fallback presentation compiler.
2026.04.12 23:31:46 INFO  no build target found for C:\Users\hp\eclipseJEE\jee-mvc1-product-management\src\main\java\dao\ProduitImpl.java. Using fallback presentation compiler.
2026.04.12 23:31:46 INFO  no build target found for C:\Users\hp\eclipseJEE\jee-mvc1-product-management\src\main\java\dao\ProduitDAO.java. Using fallback presentation compiler.
avr. 12, 2026 11:31:47 PM org.eclipse.lsp4j.jsonrpc.services.GenericEndpoint notify
INFOS: Unsupported notification method: $/setTrace
2026.04.12 23:31:49 INFO  no build target found for C:\Users\hp\eclipseJEE\jee-mvc1-product-management\src\main\java\dao\ProduitImpl.java. Using fallback presentation compiler.
2026.04.12 23:31:49 INFO  no build target found for C:\Users\hp\eclipseJEE\jee-mvc1-product-management\src\main\java\dao\ProduitImpl.java. Using fallback presentation compiler.
2026.04.12 23:31:49 WARN  no build target for: C:\Users\hp\eclipseJEE\jee-mvc1-product-management\src\main\java\dao\ProduitImpl.java
2026.04.12 23:31:49 INFO  no build target found for C:\Users\hp\eclipseJEE\jee-mvc1-product-management\src\main\java\dao\ProduitImpl.java. Using fallback presentation compiler.
2026.04.12 23:31:50 INFO  no build target found for C:\Users\hp\eclipseJEE\jee-mvc1-product-management\src\main\java\dao\ProduitImpl.java. Using fallback presentation compiler.
avr. 12, 2026 11:31:50 PM org.eclipse.lsp4j.jsonrpc.services.GenericEndpoint notify
INFOS: Unsupported notification method: $/setTrace
avr. 12, 2026 11:31:50 PM org.eclipse.lsp4j.jsonrpc.services.GenericEndpoint notify
INFOS: Unsupported notification method: $/setTrace
2026.04.12 23:31:54 INFO  no build target found for C:\Users\hp\eclipseJEE\jee-mvc1-product-management\src\main\java\dao\ProduitImpl.java. Using fallback presentation compiler.
2026.04.12 23:31:54 INFO  no build target found for C:\Users\hp\eclipseJEE\jee-mvc1-product-management\src\main\java\dao\ProduitImpl.java. Using fallback presentation compiler.
2026.04.12 23:31:55 INFO  no build target found for C:\Users\hp\eclipseJEE\jee-mvc1-product-management\src\main\java\dao\ProduitImpl.java. Using fallback presentation compiler.
2026.04.12 23:31:55 INFO  no build target found for C:\Users\hp\eclipseJEE\jee-mvc1-product-management\src\main\java\dao\ProduitImpl.java. Using fallback presentation compiler.
2026.04.12 23:31:55 INFO  no build target found for C:\Users\hp\eclipseJEE\jee-mvc1-product-management\src\main\java\dao\ProduitImpl.java. Using fallback presentation compiler.
2026.04.12 23:31:57 INFO  no build target found for C:\Users\hp\eclipseJEE\jee-mvc1-product-management\src\main\java\dao\ProduitImpl.java. Using fallback presentation compiler.
2026.04.12 23:31:57 INFO  no build target found for C:\Users\hp\eclipseJEE\jee-mvc1-product-management\src\main\java\dao\ProduitImpl.java. Using fallback presentation compiler.
2026.04.12 23:32:00 INFO  no build target found for C:\Users\hp\eclipseJEE\jee-mvc1-product-management\src\main\java\dao\ProduitImpl.java. Using fallback presentation compiler.
avr. 12, 2026 11:32:00 PM org.eclipse.lsp4j.jsonrpc.services.GenericEndpoint notify
INFOS: Unsupported notification method: $/setTrace
2026.04.12 23:33:34 INFO  no build target found for C:\Users\hp\eclipseJEE\jee-mvc1-product-management\src\main\java\services\ProduitMetier.java. Using fallback presentation compiler.
2026.04.12 23:33:34 INFO  no build target found for C:\Users\hp\eclipseJEE\jee-mvc1-product-management\src\main\java\services\ProduitMetier.java. Using fallback presentation compiler.
2026.04.12 23:33:34 INFO  no build target found for C:\Users\hp\eclipseJEE\jee-mvc1-product-management\src\main\java\services\ProduitMetier.java. Using fallback presentation compiler.
2026.04.12 23:33:34 INFO  no build target found for C:\Users\hp\eclipseJEE\jee-mvc1-product-management\src\main\java\dao\ProduitImpl.java. Using fallback presentation compiler.
avr. 12, 2026 11:33:34 PM org.eclipse.lsp4j.jsonrpc.services.GenericEndpoint notify
INFOS: Unsupported notification method: $/setTrace
2026.04.12 23:33:37 INFO  no build target found for C:\Users\hp\eclipseJEE\jee-mvc1-product-management\src\main\java\services\ProduitMetier.java. Using fallback presentation compiler.
2026.04.12 23:33:37 WARN  no build target for: C:\Users\hp\eclipseJEE\jee-mvc1-product-management\src\main\java\services\ProduitMetier.java
2026.04.12 23:33:37 INFO  no build target found for C:\Users\hp\eclipseJEE\jee-mvc1-product-management\src\main\java\services\ProduitMetier.java. Using fallback presentation compiler.
2026.04.12 23:33:38 INFO  no build target found for C:\Users\hp\eclipseJEE\jee-mvc1-product-management\src\main\java\services\ProduitMetier.java. Using fallback presentation compiler.
avr. 12, 2026 11:33:38 PM org.eclipse.lsp4j.jsonrpc.services.GenericEndpoint notify
INFOS: Unsupported notification method: $/setTrace
avr. 12, 2026 11:33:38 PM org.eclipse.lsp4j.jsonrpc.services.GenericEndpoint notify
INFOS: Unsupported notification method: $/setTrace
2026.04.12 23:33:39 INFO  no build target found for C:\Users\hp\eclipseJEE\jee-mvc1-product-management\src\main\java\services\ProduitMetier.java. Using fallback presentation compiler.
avr. 12, 2026 11:33:39 PM org.eclipse.lsp4j.jsonrpc.RemoteEndpoint handleCancellation
AVERTISSEMENT: Unmatched cancel notification for request id 500
2026.04.12 23:33:39 INFO  no build target found for C:\Users\hp\eclipseJEE\jee-mvc1-product-management\src\main\java\services\ProduitMetier.java. Using fallback presentation compiler.
2026.04.12 23:33:43 INFO  no build target found for C:\Users\hp\eclipseJEE\jee-mvc1-product-management\src\main\java\services\ProduitMetier.java. Using fallback presentation compiler.
2026.04.12 23:33:43 INFO  no build target found for C:\Users\hp\eclipseJEE\jee-mvc1-product-management\src\main\java\services\ProduitMetier.java. Using fallback presentation compiler.
2026.04.12 23:33:43 INFO  no build target found for C:\Users\hp\eclipseJEE\jee-mvc1-product-management\src\main\java\services\ProduitMetier.java. Using fallback presentation compiler.
2026.04.12 23:33:44 INFO  no build target found for C:\Users\hp\eclipseJEE\jee-mvc1-product-management\src\main\java\services\ProduitMetier.java. Using fallback presentation compiler.
2026.04.12 23:33:44 INFO  no build target found for C:\Users\hp\eclipseJEE\jee-mvc1-product-management\src\main\java\services\ProduitMetier.java. Using fallback presentation compiler.
2026.04.12 23:33:45 INFO  no build target found for C:\Users\hp\eclipseJEE\jee-mvc1-product-management\src\main\java\services\ProduitMetier.java. Using fallback presentation compiler.
2026.04.12 23:33:45 INFO  no build target found for C:\Users\hp\eclipseJEE\jee-mvc1-product-management\src\main\java\services\ProduitMetier.java. Using fallback presentation compiler.
2026.04.12 23:33:48 INFO  no build target found for C:\Users\hp\eclipseJEE\jee-mvc1-product-management\src\main\java\services\ProduitMetier.java. Using fallback presentation compiler.
avr. 12, 2026 11:33:48 PM org.eclipse.lsp4j.jsonrpc.services.GenericEndpoint notify
INFOS: Unsupported notification method: $/setTrace
2026.04.12 23:33:56 WARN  no build target for: C:\Users\hp\eclipseJEE\jee-mvc1-product-management\src\main\java\services\ProduitMetier.java
2026.04.12 23:33:56 INFO  no build target found for C:\Users\hp\eclipseJEE\jee-mvc1-product-management\src\main\java\services\ProduitMetier.java. Using fallback presentation compiler.
2026.04.12 23:33:56 INFO  no build target found for C:\Users\hp\eclipseJEE\jee-mvc1-product-management\src\main\java\services\ProduitMetier.java. Using fallback presentation compiler.
avr. 12, 2026 11:33:56 PM org.eclipse.lsp4j.jsonrpc.services.GenericEndpoint notify
INFOS: Unsupported notification method: $/setTrace
2026.04.12 23:33:56 INFO  no build target found for C:\Users\hp\eclipseJEE\jee-mvc1-product-management\src\main\java\services\ProduitMetier.java. Using fallback presentation compiler.
2026.04.12 23:33:57 INFO  no build target found for C:\Users\hp\eclipseJEE\jee-mvc1-product-management\src\main\java\services\ProduitMetierImpl.java. Using fallback presentation compiler.
2026.04.12 23:33:57 INFO  no build target found for C:\Users\hp\eclipseJEE\jee-mvc1-product-management\src\main\java\services\ProduitMetierImpl.java. Using fallback presentation compiler.
2026.04.12 23:33:57 INFO  no build target found for C:\Users\hp\eclipseJEE\jee-mvc1-product-management\src\main\java\services\ProduitMetierImpl.java. Using fallback presentation compiler.
avr. 12, 2026 11:33:58 PM org.eclipse.lsp4j.jsonrpc.services.GenericEndpoint notify
INFOS: Unsupported notification method: $/setTrace
avr. 12, 2026 11:33:58 PM org.eclipse.lsp4j.jsonrpc.services.GenericEndpoint notify
INFOS: Unsupported notification method: $/setTrace
2026.04.12 23:33:57 INFO  no build target found for C:\Users\hp\eclipseJEE\jee-mvc1-product-management\src\main\java\services\ProduitMetierImpl.java. Using fallback presentation compiler.
2026.04.12 23:33:57 INFO  no build target found for C:\Users\hp\eclipseJEE\jee-mvc1-product-management\src\main\java\services\ProduitMetierImpl.java. Using fallback presentation compiler.
2026.04.12 23:33:58 INFO  no build target found for C:\Users\hp\eclipseJEE\jee-mvc1-product-management\src\main\java\services\ProduitMetierImpl.java. Using fallback presentation compiler.
avr. 12, 2026 11:33:58 PM org.eclipse.lsp4j.jsonrpc.RemoteEndpoint handleCancellation
AVERTISSEMENT: Unmatched cancel notification for request id 529
2026.04.12 23:33:58 INFO  no build target found for C:\Users\hp\eclipseJEE\jee-mvc1-product-management\src\main\java\services\ProduitMetierImpl.java. Using fallback presentation compiler.
avr. 12, 2026 11:33:59 PM org.eclipse.lsp4j.jsonrpc.RemoteEndpoint handleCancellation
AVERTISSEMENT: Unmatched cancel notification for request id 530
2026.04.12 23:33:58 INFO  no build target found for C:\Users\hp\eclipseJEE\jee-mvc1-product-management\src\main\java\services\ProduitMetierImpl.java. Using fallback presentation compiler.
2026.04.12 23:33:58 INFO  no build target found for C:\Users\hp\eclipseJEE\jee-mvc1-product-management\src\main\java\services\ProduitMetierImpl.java. Using fallback presentation compiler.
2026.04.12 23:34:00 INFO  no build target found for C:\Users\hp\eclipseJEE\jee-mvc1-product-management\src\main\java\services\ProduitMetierImpl.java. Using fallback presentation compiler.
2026.04.12 23:34:01 INFO  no build target found for C:\Users\hp\eclipseJEE\jee-mvc1-product-management\src\main\java\services\ProduitMetierImpl.java. Using fallback presentation compiler.
2026.04.12 23:34:03 INFO  no build target found for C:\Users\hp\eclipseJEE\jee-mvc1-product-management\src\main\java\services\ProduitMetierImpl.java. Using fallback presentation compiler.
avr. 12, 2026 11:34:03 PM org.eclipse.lsp4j.jsonrpc.services.GenericEndpoint notify
INFOS: Unsupported notification method: $/setTrace
2026.04.12 23:34:51 WARN  no build target for: C:\Users\hp\eclipseJEE\jee-mvc1-product-management\src\main\java\services\ProduitMetierImpl.java
2026.04.12 23:34:51 INFO  no build target found for C:\Users\hp\eclipseJEE\jee-mvc1-product-management\src\main\java\services\ProduitMetierImpl.java. Using fallback presentation compiler.
avr. 12, 2026 11:34:52 PM org.eclipse.lsp4j.jsonrpc.services.GenericEndpoint notify
INFOS: Unsupported notification method: $/setTrace
2026.04.12 23:34:54 INFO  no build target found for C:\Users\hp\eclipseJEE\jee-mvc1-product-management\src\main\java\web\AddProduitServlet.java. Using fallback presentation compiler.
2026.04.12 23:34:54 INFO  no build target found for C:\Users\hp\eclipseJEE\jee-mvc1-product-management\src\main\java\web\AddProduitServlet.java. Using fallback presentation compiler.
avr. 12, 2026 11:34:54 PM org.eclipse.lsp4j.jsonrpc.RemoteEndpoint handleCancellation
AVERTISSEMENT: Unmatched cancel notification for request id 541
2026.04.12 23:34:54 INFO  no build target found for C:\Users\hp\eclipseJEE\jee-mvc1-product-management\src\main\java\web\AddProduitServlet.java. Using fallback presentation compiler.
avr. 12, 2026 11:34:54 PM org.eclipse.lsp4j.jsonrpc.services.GenericEndpoint notify
INFOS: Unsupported notification method: $/setTrace
avr. 12, 2026 11:34:55 PM org.eclipse.lsp4j.jsonrpc.services.GenericEndpoint notify
INFOS: Unsupported notification method: $/setTrace
2026.04.12 23:34:56 INFO  no build target found for C:\Users\hp\eclipseJEE\jee-mvc1-product-management\src\main\java\web\AddProduitServlet.java. Using fallback presentation compiler.
2026.04.12 23:34:56 INFO  no build target found for C:\Users\hp\eclipseJEE\jee-mvc1-product-management\src\main\java\web\AddProduitServlet.java. Using fallback presentation compiler.
2026.04.12 23:34:56 INFO  no build target found for C:\Users\hp\eclipseJEE\jee-mvc1-product-management\src\main\java\web\AddProduitServlet.java. Using fallback presentation compiler.
2026.04.12 23:34:57 INFO  no build target found for C:\Users\hp\eclipseJEE\jee-mvc1-product-management\src\main\java\web\AddProduitServlet.java. Using fallback presentation compiler.
2026.04.12 23:34:57 INFO  no build target found for C:\Users\hp\eclipseJEE\jee-mvc1-product-management\src\main\java\web\AddProduitServlet.java. Using fallback presentation compiler.
2026.04.12 23:34:57 INFO  no build target found for C:\Users\hp\eclipseJEE\jee-mvc1-product-management\src\main\java\web\AddProduitServlet.java. Using fallback presentation compiler.
2026.04.12 23:34:57 INFO  no build target found for C:\Users\hp\eclipseJEE\jee-mvc1-product-management\src\main\java\web\AddProduitServlet.java. Using fallback presentation compiler.
2026.04.12 23:35:00 INFO  no build target found for C:\Users\hp\eclipseJEE\jee-mvc1-product-management\src\main\java\web\AddProduitServlet.java. Using fallback presentation compiler.
avr. 12, 2026 11:35:00 PM org.eclipse.lsp4j.jsonrpc.services.GenericEndpoint notify
INFOS: Unsupported notification method: $/setTrace
2026.04.12 23:35:25 WARN  no build target for: C:\Users\hp\eclipseJEE\jee-mvc1-product-management\src\main\java\web\AddProduitServlet.java
2026.04.12 23:35:25 INFO  no build target found for C:\Users\hp\eclipseJEE\jee-mvc1-product-management\src\main\java\web\AddProduitServlet.java. Using fallback presentation compiler.
avr. 12, 2026 11:35:25 PM org.eclipse.lsp4j.jsonrpc.services.GenericEndpoint notify
INFOS: Unsupported notification method: $/setTrace
2026.04.12 23:35:26 INFO  no build target found for C:\Users\hp\eclipseJEE\jee-mvc1-product-management\src\main\java\web\AddProduitServlet.java. Using fallback presentation compiler.
2026.04.12 23:35:26 INFO  no build target found for C:\Users\hp\eclipseJEE\jee-mvc1-product-management\src\main\java\web\DeleteProduitServlet.java. Using fallback presentation compiler.
2026.04.12 23:35:26 INFO  no build target found for C:\Users\hp\eclipseJEE\jee-mvc1-product-management\src\main\java\web\DeleteProduitServlet.java. Using fallback presentation compiler.
2026.04.12 23:35:26 INFO  no build target found for C:\Users\hp\eclipseJEE\jee-mvc1-product-management\src\main\java\web\DeleteProduitServlet.java. Using fallback presentation compiler.
avr. 12, 2026 11:35:26 PM org.eclipse.lsp4j.jsonrpc.services.GenericEndpoint notify
INFOS: Unsupported notification method: $/setTrace
avr. 12, 2026 11:35:27 PM org.eclipse.lsp4j.jsonrpc.services.GenericEndpoint notify
INFOS: Unsupported notification method: $/setTrace
2026.04.12 23:35:28 INFO  no build target found for C:\Users\hp\eclipseJEE\jee-mvc1-product-management\src\main\java\web\DeleteProduitServlet.java. Using fallback presentation compiler.
2026.04.12 23:35:29 INFO  no build target found for C:\Users\hp\eclipseJEE\jee-mvc1-product-management\src\main\java\web\DeleteProduitServlet.java. Using fallback presentation compiler.
2026.04.12 23:35:29 INFO  no build target found for C:\Users\hp\eclipseJEE\jee-mvc1-product-management\src\main\java\web\ListProduitServlet.java. Using fallback presentation compiler.
2026.04.12 23:35:30 INFO  no build target found for C:\Users\hp\eclipseJEE\jee-mvc1-product-management\src\main\java\web\ListProduitServlet.java. Using fallback presentation compiler.
2026.04.12 23:35:29 INFO  no build target found for C:\Users\hp\eclipseJEE\jee-mvc1-product-management\src\main\java\web\ListProduitServlet.java. Using fallback presentation compiler.
avr. 12, 2026 11:35:30 PM org.eclipse.lsp4j.jsonrpc.services.GenericEndpoint notify
INFOS: Unsupported notification method: $/setTrace
2026.04.12 23:35:29 INFO  no build target found for C:\Users\hp\eclipseJEE\jee-mvc1-product-management\src\main\java\web\ListProduitServlet.java. Using fallback presentation compiler.
avr. 12, 2026 11:35:30 PM org.eclipse.lsp4j.jsonrpc.services.GenericEndpoint notify
INFOS: Unsupported notification method: $/setTrace
2026.04.12 23:35:31 INFO  no build target found for C:\Users\hp\eclipseJEE\jee-mvc1-product-management\src\main\java\web\ListProduitServlet.java. Using fallback presentation compiler.
2026.04.12 23:35:31 INFO  no build target found for C:\Users\hp\eclipseJEE\jee-mvc1-product-management\src\main\java\web\ListProduitServlet.java. Using fallback presentation compiler.
2026.04.12 23:35:33 INFO  no build target found for C:\Users\hp\eclipseJEE\jee-mvc1-product-management\src\main\java\web\ListProduitServlet.java. Using fallback presentation compiler.
2026.04.12 23:35:33 INFO  no build target found for C:\Users\hp\eclipseJEE\jee-mvc1-product-management\src\main\java\web\ListProduitServlet.java. Using fallback presentation compiler.
2026.04.12 23:35:33 INFO  no build target found for C:\Users\hp\eclipseJEE\jee-mvc1-product-management\src\main\java\web\ListProduitServlet.java. Using fallback presentation compiler.
2026.04.12 23:35:34 INFO  no build target found for C:\Users\hp\eclipseJEE\jee-mvc1-product-management\src\main\java\web\ListProduitServlet.java. Using fallback presentation compiler.
2026.04.12 23:35:38 INFO  no build target found for C:\Users\hp\eclipseJEE\jee-mvc1-product-management\src\main\java\web\ListProduitServlet.java. Using fallback presentation compiler.
avr. 12, 2026 11:35:38 PM org.eclipse.lsp4j.jsonrpc.services.GenericEndpoint notify
INFOS: Unsupported notification method: $/setTrace
2026.04.12 23:36:10 INFO  no build target found for C:\Users\hp\eclipseJEE\jee-mvc1-product-management\src\main\java\web\DeleteProduitServlet.java. Using fallback presentation compiler.
2026.04.12 23:36:10 INFO  no build target found for C:\Users\hp\eclipseJEE\jee-mvc1-product-management\src\main\java\web\DeleteProduitServlet.java. Using fallback presentation compiler.
2026.04.12 23:36:10 INFO  no build target found for C:\Users\hp\eclipseJEE\jee-mvc1-product-management\src\main\java\web\DeleteProduitServlet.java. Using fallback presentation compiler.
2026.04.12 23:36:10 INFO  no build target found for C:\Users\hp\eclipseJEE\jee-mvc1-product-management\src\main\java\web\ListProduitServlet.java. Using fallback presentation compiler.
avr. 12, 2026 11:36:11 PM org.eclipse.lsp4j.jsonrpc.services.GenericEndpoint notify
INFOS: Unsupported notification method: $/setTrace
2026.04.12 23:36:10 INFO  no build target found for C:\Users\hp\eclipseJEE\jee-mvc1-product-management\src\main\java\web\DeleteProduitServlet.java. Using fallback presentation compiler.
2026.04.12 23:36:12 INFO  no build target found for C:\Users\hp\eclipseJEE\jee-mvc1-product-management\src\main\java\web\DeleteProduitServlet.java. Using fallback presentation compiler.
2026.04.12 23:36:13 INFO  no build target found for C:\Users\hp\eclipseJEE\jee-mvc1-product-management\src\main\java\web\DeleteProduitServlet.java. Using fallback presentation compiler.
2026.04.12 23:36:13 WARN  no build target for: C:\Users\hp\eclipseJEE\jee-mvc1-product-management\src\main\java\web\DeleteProduitServlet.java
2026.04.12 23:36:13 INFO  no build target found for C:\Users\hp\eclipseJEE\jee-mvc1-product-management\src\main\java\web\DeleteProduitServlet.java. Using fallback presentation compiler.
2026.04.12 23:36:13 INFO  no build target found for C:\Users\hp\eclipseJEE\jee-mvc1-product-management\src\main\java\web\DeleteProduitServlet.java. Using fallback presentation compiler.
avr. 12, 2026 11:36:14 PM org.eclipse.lsp4j.jsonrpc.services.GenericEndpoint notify
INFOS: Unsupported notification method: $/setTrace
avr. 12, 2026 11:36:14 PM org.eclipse.lsp4j.jsonrpc.services.GenericEndpoint notify
INFOS: Unsupported notification method: $/setTrace
2026.04.12 23:36:14 INFO  no build target found for C:\Users\hp\eclipseJEE\jee-mvc1-product-management\src\main\java\web\DeleteProduitServlet.java. Using fallback presentation compiler.
2026.04.12 23:36:14 INFO  no build target found for C:\Users\hp\eclipseJEE\jee-mvc1-product-management\src\main\java\web\DeleteProduitServlet.java. Using fallback presentation compiler.
2026.04.12 23:36:16 INFO  no build target found for C:\Users\hp\eclipseJEE\jee-mvc1-product-management\src\main\java\web\DeleteProduitServlet.java. Using fallback presentation compiler.
2026.04.12 23:36:16 INFO  no build target found for C:\Users\hp\eclipseJEE\jee-mvc1-product-management\src\main\java\web\DeleteProduitServlet.java. Using fallback presentation compiler.
2026.04.12 23:36:16 INFO  no build target found for C:\Users\hp\eclipseJEE\jee-mvc1-product-management\src\main\java\web\DeleteProduitServlet.java. Using fallback presentation compiler.
2026.04.12 23:36:16 INFO  no build target found for C:\Users\hp\eclipseJEE\jee-mvc1-product-management\src\main\java\web\DeleteProduitServlet.java. Using fallback presentation compiler.
2026.04.12 23:36:17 INFO  no build target found for C:\Users\hp\eclipseJEE\jee-mvc1-product-management\src\main\java\web\DeleteProduitServlet.java. Using fallback presentation compiler.
2026.04.12 23:36:17 INFO  no build target found for C:\Users\hp\eclipseJEE\jee-mvc1-product-management\src\main\java\web\DeleteProduitServlet.java. Using fallback presentation compiler.
2026.04.12 23:36:19 INFO  no build target found for C:\Users\hp\eclipseJEE\jee-mvc1-product-management\src\main\java\web\DeleteProduitServlet.java. Using fallback presentation compiler.
avr. 12, 2026 11:36:19 PM org.eclipse.lsp4j.jsonrpc.services.GenericEndpoint notify
INFOS: Unsupported notification method: $/setTrace
2026.04.12 23:36:36 INFO  no build target found for C:\Users\hp\eclipseJEE\jee-mvc1-product-management\src\main\java\web\EditProduitServlet.java. Using fallback presentation compiler.
2026.04.12 23:36:36 INFO  no build target found for C:\Users\hp\eclipseJEE\jee-mvc1-product-management\src\main\java\web\EditProduitServlet.java. Using fallback presentation compiler.
2026.04.12 23:36:36 INFO  no build target found for C:\Users\hp\eclipseJEE\jee-mvc1-product-management\src\main\java\web\EditProduitServlet.java. Using fallback presentation compiler.
2026.04.12 23:36:36 INFO  no build target found for C:\Users\hp\eclipseJEE\jee-mvc1-product-management\src\main\java\web\DeleteProduitServlet.java. Using fallback presentation compiler.
avr. 12, 2026 11:36:37 PM org.eclipse.lsp4j.jsonrpc.services.GenericEndpoint notify
INFOS: Unsupported notification method: $/setTrace
2026.04.12 23:36:38 INFO  no build target found for C:\Users\hp\eclipseJEE\jee-mvc1-product-management\src\main\java\web\EditProduitServlet.java. Using fallback presentation compiler.
2026.04.12 23:36:39 INFO  no build target found for C:\Users\hp\eclipseJEE\jee-mvc1-product-management\src\main\java\web\EditProduitServlet.java. Using fallback presentation compiler.
2026.04.12 23:36:39 WARN  no build target for: C:\Users\hp\eclipseJEE\jee-mvc1-product-management\src\main\java\web\EditProduitServlet.java
2026.04.12 23:36:39 INFO  no build target found for C:\Users\hp\eclipseJEE\jee-mvc1-product-management\src\main\java\web\EditProduitServlet.java. Using fallback presentation compiler.
2026.04.12 23:36:40 INFO  no build target found for C:\Users\hp\eclipseJEE\jee-mvc1-product-management\src\main\java\web\EditProduitServlet.java. Using fallback presentation compiler.
avr. 12, 2026 11:36:40 PM org.eclipse.lsp4j.jsonrpc.services.GenericEndpoint notify
INFOS: Unsupported notification method: $/setTrace
avr. 12, 2026 11:36:40 PM org.eclipse.lsp4j.jsonrpc.services.GenericEndpoint notify
INFOS: Unsupported notification method: $/setTrace
2026.04.12 23:36:40 INFO  no build target found for C:\Users\hp\eclipseJEE\jee-mvc1-product-management\src\main\java\web\EditProduitServlet.java. Using fallback presentation compiler.
2026.04.12 23:36:40 INFO  no build target found for C:\Users\hp\eclipseJEE\jee-mvc1-product-management\src\main\java\web\EditProduitServlet.java. Using fallback presentation compiler.
2026.04.12 23:36:42 INFO  no build target found for C:\Users\hp\eclipseJEE\jee-mvc1-product-management\src\main\java\web\EditProduitServlet.java. Using fallback presentation compiler.
2026.04.12 23:36:42 INFO  no build target found for C:\Users\hp\eclipseJEE\jee-mvc1-product-management\src\main\java\web\EditProduitServlet.java. Using fallback presentation compiler.
2026.04.12 23:36:42 INFO  no build target found for C:\Users\hp\eclipseJEE\jee-mvc1-product-management\src\main\java\web\EditProduitServlet.java. Using fallback presentation compiler.
2026.04.12 23:36:43 INFO  no build target found for C:\Users\hp\eclipseJEE\jee-mvc1-product-management\src\main\java\web\EditProduitServlet.java. Using fallback presentation compiler.
2026.04.12 23:36:44 INFO  no build target found for C:\Users\hp\eclipseJEE\jee-mvc1-product-management\src\main\java\web\EditProduitServlet.java. Using fallback presentation compiler.
avr. 12, 2026 11:36:44 PM org.eclipse.lsp4j.jsonrpc.services.GenericEndpoint notify
INFOS: Unsupported notification method: $/setTrace
2026.04.12 23:37:13 WARN  no build target for: C:\Users\hp\eclipseJEE\jee-mvc1-product-management\src\main\java\web\EditProduitServlet.java
2026.04.12 23:37:14 INFO  no build target found for C:\Users\hp\eclipseJEE\jee-mvc1-product-management\src\main\java\web\EditProduitServlet.java. Using fallback presentation compiler.
2026.04.12 23:37:14 INFO  no build target found for C:\Users\hp\eclipseJEE\jee-mvc1-product-management\src\main\java\web\EditProduitServlet.java. Using fallback presentation compiler.
2026.04.12 23:37:14 INFO  no build target found for C:\Users\hp\eclipseJEE\jee-mvc1-product-management\src\main\java\web\EditProduitServlet.java. Using fallback presentation compiler.
avr. 12, 2026 11:37:14 PM org.eclipse.lsp4j.jsonrpc.services.GenericEndpoint notify
INFOS: Unsupported notification method: $/setTrace
2026.04.12 23:37:14 INFO  no build target found for C:\Users\hp\eclipseJEE\jee-mvc1-product-management\src\main\java\web\UpdateProduitServlet.java. Using fallback presentation compiler.
avr. 12, 2026 11:37:15 PM org.eclipse.lsp4j.jsonrpc.RemoteEndpoint handleCancellation
AVERTISSEMENT: Unmatched cancel notification for request id 664
2026.04.12 23:37:14 INFO  no build target found for C:\Users\hp\eclipseJEE\jee-mvc1-product-management\src\main\java\web\UpdateProduitServlet.java. Using fallback presentation compiler.
2026.04.12 23:37:14 INFO  no build target found for C:\Users\hp\eclipseJEE\jee-mvc1-product-management\src\main\java\web\UpdateProduitServlet.java. Using fallback presentation compiler.
avr. 12, 2026 11:37:15 PM org.eclipse.lsp4j.jsonrpc.services.GenericEndpoint notify
INFOS: Unsupported notification method: $/setTrace
avr. 12, 2026 11:37:15 PM org.eclipse.lsp4j.jsonrpc.services.GenericEndpoint notify
INFOS: Unsupported notification method: $/setTrace
2026.04.12 23:37:16 INFO  no build target found for C:\Users\hp\eclipseJEE\jee-mvc1-product-management\src\main\java\web\UpdateProduitServlet.java. Using fallback presentation compiler.
2026.04.12 23:37:16 INFO  no build target found for C:\Users\hp\eclipseJEE\jee-mvc1-product-management\src\main\java\web\UpdateProduitServlet.java. Using fallback presentation compiler.
2026.04.12 23:37:16 INFO  no build target found for C:\Users\hp\eclipseJEE\jee-mvc1-product-management\src\main\java\web\UpdateProduitServlet.java. Using fallback presentation compiler.
2026.04.12 23:37:17 INFO  no build target found for C:\Users\hp\eclipseJEE\jee-mvc1-product-management\src\main\java\web\UpdateProduitServlet.java. Using fallback presentation compiler.
2026.04.12 23:37:17 INFO  no build target found for C:\Users\hp\eclipseJEE\jee-mvc1-product-management\src\main\java\web\UpdateProduitServlet.java. Using fallback presentation compiler.
2026.04.12 23:37:17 INFO  no build target found for C:\Users\hp\eclipseJEE\jee-mvc1-product-management\src\main\java\web\UpdateProduitServlet.java. Using fallback presentation compiler.
2026.04.12 23:37:18 INFO  no build target found for C:\Users\hp\eclipseJEE\jee-mvc1-product-management\src\main\java\web\UpdateProduitServlet.java. Using fallback presentation compiler.
2026.04.12 23:37:20 INFO  no build target found for C:\Users\hp\eclipseJEE\jee-mvc1-product-management\src\main\java\web\UpdateProduitServlet.java. Using fallback presentation compiler.
avr. 12, 2026 11:37:20 PM org.eclipse.lsp4j.jsonrpc.services.GenericEndpoint notify
INFOS: Unsupported notification method: $/setTrace
2026.04.12 23:38:05 INFO  no build target found for C:\Users\hp\eclipseJEE\jee-mvc1-product-management\src\main\java\services\ProduitMetier.java. Using fallback presentation compiler.
2026.04.12 23:38:07 INFO  no build target found for C:\Users\hp\eclipseJEE\jee-mvc1-product-management\src\main\java\web\EditProduitServlet.java. Using fallback presentation compiler.
2026.04.12 23:38:07 WARN  no build target for: C:\Users\hp\eclipseJEE\jee-mvc1-product-management\src\main\java\web\UpdateProduitServlet.java
2026.04.12 23:38:07 INFO  no build target found for C:\Users\hp\eclipseJEE\jee-mvc1-product-management\src\main\java\web\UpdateProduitServlet.java. Using fallback presentation compiler.
2026.04.12 23:38:07 INFO  no build target found for C:\Users\hp\eclipseJEE\jee-mvc1-product-management\src\main\java\web\UpdateProduitServlet.java. Using fallback presentation compiler.
avr. 12, 2026 11:38:08 PM org.eclipse.lsp4j.jsonrpc.services.GenericEndpoint notify
INFOS: Unsupported notification method: $/setTrace
2026.04.12 23:38:08 INFO  no build target found for C:\Users\hp\eclipseJEE\jee-mvc1-product-management\src\main\java\web\UpdateProduitServlet.java. Using fallback presentation compiler.
2026.04.12 23:38:08 INFO  no build target found for C:\Users\hp\eclipseJEE\jee-mvc1-product-management\src\main\java\web\DeleteProduitServlet.java. Using fallback presentation compiler.
2026.04.12 23:38:09 WARN  no build target for: C:\Users\hp\eclipseJEE\jee-mvc1-product-management\src\main\java\web\DeleteProduitServlet.java
2026.04.12 23:38:08 INFO  no build target found for C:\Users\hp\eclipseJEE\jee-mvc1-product-management\src\main\java\web\DeleteProduitServlet.java. Using fallback presentation compiler.
2026.04.12 23:38:09 INFO  no build target found for C:\Users\hp\eclipseJEE\jee-mvc1-product-management\src\main\java\web\DeleteProduitServlet.java. Using fallback presentation compiler.
2026.04.12 23:38:08 INFO  no build target found for C:\Users\hp\eclipseJEE\jee-mvc1-product-management\src\main\java\web\DeleteProduitServlet.java. Using fallback presentation compiler.
avr. 12, 2026 11:38:09 PM org.eclipse.lsp4j.jsonrpc.services.GenericEndpoint notify
INFOS: Unsupported notification method: $/setTrace
avr. 12, 2026 11:38:09 PM org.eclipse.lsp4j.jsonrpc.services.GenericEndpoint notify
INFOS: Unsupported notification method: $/setTrace
2026.04.12 23:38:08 INFO  no build target found for C:\Users\hp\eclipseJEE\jee-mvc1-product-management\src\main\java\web\DeleteProduitServlet.java. Using fallback presentation compiler.
2026.04.12 23:38:08 INFO  no build target found for C:\Users\hp\eclipseJEE\jee-mvc1-product-management\src\main\java\web\ListProduitServlet.java. Using fallback presentation compiler.
2026.04.12 23:38:09 WARN  no build target for: C:\Users\hp\eclipseJEE\jee-mvc1-product-management\src\main\java\web\ListProduitServlet.java
2026.04.12 23:38:08 INFO  no build target found for C:\Users\hp\eclipseJEE\jee-mvc1-product-management\src\main\java\web\ListProduitServlet.java. Using fallback presentation compiler.
2026.04.12 23:38:10 INFO  no build target found for C:\Users\hp\eclipseJEE\jee-mvc1-product-management\src\main\java\web\ListProduitServlet.java. Using fallback presentation compiler.
2026.04.12 23:38:10 INFO  no build target found for C:\Users\hp\eclipseJEE\jee-mvc1-product-management\src\main\java\web\ListProduitServlet.java. Using fallback presentation compiler.
avr. 12, 2026 11:38:10 PM org.eclipse.lsp4j.jsonrpc.services.GenericEndpoint notify
INFOS: Unsupported notification method: $/setTrace
avr. 12, 2026 11:38:10 PM org.eclipse.lsp4j.jsonrpc.services.GenericEndpoint notify
INFOS: Unsupported notification method: $/setTrace
2026.04.12 23:38:10 INFO  no build target found for C:\Users\hp\eclipseJEE\jee-mvc1-product-management\src\main\java\services\ProduitMetierImpl.java. Using fallback presentation compiler.
2026.04.12 23:38:11 INFO  no build target found for C:\Users\hp\eclipseJEE\jee-mvc1-product-management\src\main\java\dao\ProduitDAO.java. Using fallback presentation compiler.
2026.04.12 23:38:13 INFO  no build target found for C:\Users\hp\eclipseJEE\jee-mvc1-product-management\src\main\java\web\ListProduitServlet.java. Using fallback presentation compiler.
2026.04.12 23:38:13 INFO  no build target found for C:\Users\hp\eclipseJEE\jee-mvc1-product-management\src\main\java\dao\ProduitImpl.java. Using fallback presentation compiler.
2026.04.12 23:38:13 WARN  no build target for: C:\Users\hp\eclipseJEE\jee-mvc1-product-management\src\main\java\dao\ProduitImpl.java
2026.04.12 23:38:13 INFO  no build target found for C:\Users\hp\eclipseJEE\jee-mvc1-product-management\src\main\java\dao\ProduitImpl.java. Using fallback presentation compiler.
2026.04.12 23:38:13 INFO  no build target found for C:\Users\hp\eclipseJEE\jee-mvc1-product-management\src\main\java\dao\ProduitImpl.java. Using fallback presentation compiler.
2026.04.12 23:38:13 INFO  no build target found for C:\Users\hp\eclipseJEE\jee-mvc1-product-management\src\main\java\dao\ProduitImpl.java. Using fallback presentation compiler.
avr. 12, 2026 11:38:13 PM org.eclipse.lsp4j.jsonrpc.services.GenericEndpoint notify
INFOS: Unsupported notification method: $/setTrace
avr. 12, 2026 11:38:13 PM org.eclipse.lsp4j.jsonrpc.services.GenericEndpoint notify
INFOS: Unsupported notification method: $/setTrace
2026.04.12 23:38:14 INFO  no build target found for C:\Users\hp\eclipseJEE\jee-mvc1-product-management\src\main\java\dao\ProduitImpl.java. Using fallback presentation compiler.
avr. 12, 2026 11:38:14 PM org.eclipse.lsp4j.jsonrpc.services.GenericEndpoint notify
INFOS: Unsupported notification method: $/setTrace
avr. 12, 2026 11:38:22 PM org.eclipse.lsp4j.jsonrpc.services.GenericEndpoint notify
INFOS: Unsupported notification method: $/setTrace
avr. 12, 2026 11:38:28 PM org.eclipse.lsp4j.jsonrpc.services.GenericEndpoint notify
INFOS: Unsupported notification method: $/setTrace
avr. 12, 2026 11:38:50 PM org.eclipse.lsp4j.jsonrpc.services.GenericEndpoint notify
INFOS: Unsupported notification method: $/setTrace
avr. 12, 2026 11:38:57 PM org.eclipse.lsp4j.jsonrpc.services.GenericEndpoint notify
INFOS: Unsupported notification method: $/setTrace
2026.04.12 23:39:25 INFO  Shutting down server
2026.04.12 23:39:25 INFO  Memory monitor stopped
2026.04.12 23:39:25 INFO  shutting down Metals
2026.04.12 23:39:25 INFO  Exiting server
2026.04.13 21:50:31 INFO  Started: Metals version 1.6.7 in folders 'C:\Users\hp\eclipseJEE\jee-mvc1-product-management' for client Visual Studio Code 1.115.0.
2026.04.13 21:50:31 INFO  Memory monitor started
2026.04.13 21:50:33 WARN  Using H2 2.4.240 which is newer than the version Flyway has been verified with. The latest verified version of H2 is 2.3.232.
2026.04.13 21:50:33 INFO  no build target found for C:\Users\hp\eclipseJEE\jee-mvc1-product-management\src\main\java\filters\AuthFilter.java. Using fallback presentation compiler.
2026.04.13 21:50:38 INFO  no build target found for C:\Users\hp\eclipseJEE\jee-mvc1-product-management\src\main\java\filters\AuthFilter.java. Using fallback presentation compiler.
2026.04.13 21:50:41 INFO  no build target found for C:\Users\hp\eclipseJEE\jee-mvc1-product-management\src\main\java\filters\AuthFilter.java. Using fallback presentation compiler.
2026.04.13 21:50:41 INFO  no build target found for C:\Users\hp\eclipseJEE\jee-mvc1-product-management\src\main\java\filters\AuthFilter.java. Using fallback presentation compiler.
2026.04.13 21:50:41 INFO  no build target found for C:\Users\hp\eclipseJEE\jee-mvc1-product-management\src\main\java\filters\AuthFilter.java. Using fallback presentation compiler.
2026.04.13 21:50:43 INFO  no build target found for C:\Users\hp\eclipseJEE\jee-mvc1-product-management\src\main\java\filters\AuthFilter.java. Using fallback presentation compiler.
2026.04.13 21:50:43 INFO  no build target found for C:\Users\hp\eclipseJEE\jee-mvc1-product-management\src\main\java\filters\AuthFilter.java. Using fallback presentation compiler.
2026.04.13 21:50:43 INFO  no build target found for C:\Users\hp\eclipseJEE\jee-mvc1-product-management\src\main\java\filters\AuthFilter.java. Using fallback presentation compiler.
2026.04.13 21:50:43 INFO  no build target found for C:\Users\hp\eclipseJEE\jee-mvc1-product-management\src\main\java\filters\AuthFilter.java. Using fallback presentation compiler.
2026.04.13 21:50:44 INFO  no build target found for C:\Users\hp\eclipseJEE\jee-mvc1-product-management\src\main\java\filters\AuthFilter.java. Using fallback presentation compiler.
2026.04.13 21:50:46 INFO  no build target found for C:\Users\hp\eclipseJEE\jee-mvc1-product-management\src\main\java\filters\AuthFilter.java. Using fallback presentation compiler.
2026.04.13 21:50:53 INFO  no build target found for C:\Users\hp\eclipseJEE\jee-mvc1-product-management\src\main\java\filters\AuthFilter.java. Using fallback presentation compiler.
avr. 13, 2026 9:50:53 PM org.eclipse.lsp4j.jsonrpc.services.GenericEndpoint notify
INFOS: Unsupported notification method: $/setTrace
2026.04.13 21:50:57 INFO  no build target found for C:\Users\hp\eclipseJEE\jee-mvc1-product-management\src\main\java\filters\AuthFilter.java. Using fallback presentation compiler.
2026.04.13 21:50:57 INFO  no build target found for C:\Users\hp\eclipseJEE\jee-mvc1-product-management\src\main\java\filters\AuthFilter.java. Using fallback presentation compiler.
2026.04.13 21:54:40 INFO  no build target found for C:\Users\hp\eclipseJEE\jee-mvc1-product-management\src\main\java\filters\AuthFilter.java. Using fallback presentation compiler.
avr. 13, 2026 9:54:41 PM org.eclipse.lsp4j.jsonrpc.services.GenericEndpoint notify
INFOS: Unsupported notification method: $/setTrace
avr. 13, 2026 9:54:42 PM org.eclipse.lsp4j.jsonrpc.services.GenericEndpoint notify
INFOS: Unsupported notification method: $/setTrace
avr. 13, 2026 9:54:43 PM org.eclipse.lsp4j.jsonrpc.services.GenericEndpoint notify
INFOS: Unsupported notification method: $/setTrace
avr. 13, 2026 9:54:53 PM org.eclipse.lsp4j.jsonrpc.services.GenericEndpoint notify
INFOS: Unsupported notification method: $/setTrace
avr. 13, 2026 9:55:05 PM org.eclipse.lsp4j.jsonrpc.services.GenericEndpoint notify
INFOS: Unsupported notification method: $/setTrace
avr. 13, 2026 9:55:07 PM org.eclipse.lsp4j.jsonrpc.services.GenericEndpoint notify
INFOS: Unsupported notification method: $/setTrace
